{"src\\js\\_scaffolding.js":{"path":"src\\js\\_scaffolding.js","s":{"1":1},"b":{"1":[1,1]},"f":{},"fnMap":{},"statementMap":{"1":{"start":{"line":2,"column":0},"end":{"line":2,"column":88}}},"branchMap":{"1":{"line":2,"type":"binary-expr","locations":[{"start":{"line":2,"column":55},"end":{"line":2,"column":81}},{"start":{"line":2,"column":85},"end":{"line":2,"column":87}}]}}},"src\\js\\_defaults.js":{"path":"src\\js\\_defaults.js","s":{"1":1},"b":{},"f":{},"fnMap":{},"statementMap":{"1":{"start":{"line":2,"column":0},"end":{"line":10,"column":2}}},"branchMap":{}},"src\\js\\_event-factory.js":{"path":"src\\js\\_event-factory.js","s":{"1":1,"2":6,"3":6,"4":6,"5":0,"6":0,"7":6,"8":0,"9":0,"10":0,"11":0,"12":0,"13":0,"14":6},"b":{"1":[0,0],"2":[0,0]},"f":{"1":6,"2":0,"3":0},"fnMap":{"1":{"name":"(anonymous_1)","line":2,"loc":{"start":{"line":2,"column":35},"end":{"line":2,"column":45}}},"2":{"name":"(anonymous_2)","line":10,"loc":{"start":{"line":10,"column":13},"end":{"line":10,"column":38}}},"3":{"name":"(anonymous_3)","line":18,"loc":{"start":{"line":18,"column":18},"end":{"line":18,"column":41}}}},"statementMap":{"1":{"start":{"line":2,"column":0},"end":{"line":39,"column":2}},"2":{"start":{"line":4,"column":1},"end":{"line":4,"column":17}},"3":{"start":{"line":7,"column":1},"end":{"line":7,"column":24}},"4":{"start":{"line":10,"column":1},"end":{"line":15,"column":6}},"5":{"start":{"line":12,"column":8},"end":{"line":12,"column":66}},"6":{"start":{"line":14,"column":8},"end":{"line":14,"column":46}},"7":{"start":{"line":18,"column":1},"end":{"line":35,"column":6}},"8":{"start":{"line":20,"column":8},"end":{"line":34,"column":9}},"9":{"start":{"line":22,"column":12},"end":{"line":33,"column":13}},"10":{"start":{"line":24,"column":16},"end":{"line":24,"column":34}},"11":{"start":{"line":27,"column":16},"end":{"line":29,"column":17}},"12":{"start":{"line":28,"column":20},"end":{"line":28,"column":44}},"13":{"start":{"line":32,"column":16},"end":{"line":32,"column":75}},"14":{"start":{"line":38,"column":4},"end":{"line":38,"column":18}}},"branchMap":{"1":{"line":12,"type":"binary-expr","locations":[{"start":{"line":12,"column":35},"end":{"line":12,"column":59}},{"start":{"line":12,"column":63},"end":{"line":12,"column":65}}]},"2":{"line":20,"type":"if","locations":[{"start":{"line":20,"column":8},"end":{"line":20,"column":8}},{"start":{"line":20,"column":8},"end":{"line":20,"column":8}}]}}},"src\\js\\_translations.js":{"path":"src\\js\\_translations.js","s":{"1":1},"b":{},"f":{},"fnMap":{},"statementMap":{"1":{"start":{"line":2,"column":0},"end":{"line":17,"column":2}}},"branchMap":{}},"src\\js\\_ua.js":{"path":"src\\js\\_ua.js","s":{"1":1,"2":2,"3":2,"4":1,"5":1,"6":1,"7":1,"8":2,"9":0,"10":0,"11":0},"b":{"1":[1,1],"2":[0,0]},"f":{"1":2,"2":0},"fnMap":{"1":{"name":"(anonymous_1)","line":4,"loc":{"start":{"line":4,"column":14},"end":{"line":4,"column":28}}},"2":{"name":"(anonymous_2)","line":19,"loc":{"start":{"line":19,"column":14},"end":{"line":19,"column":24}}}},"statementMap":{"1":{"start":{"line":2,"column":0},"end":{"line":26,"column":2}},"2":{"start":{"line":6,"column":12},"end":{"line":6,"column":62}},"3":{"start":{"line":9,"column":12},"end":{"line":14,"column":13}},"4":{"start":{"line":10,"column":16},"end":{"line":10,"column":82}},"5":{"start":{"line":11,"column":16},"end":{"line":11,"column":55}},"6":{"start":{"line":12,"column":16},"end":{"line":12,"column":50}},"7":{"start":{"line":13,"column":16},"end":{"line":13,"column":97}},"8":{"start":{"line":17,"column":12},"end":{"line":17,"column":36}},"9":{"start":{"line":20,"column":12},"end":{"line":20,"column":62}},"10":{"start":{"line":21,"column":12},"end":{"line":23,"column":13}},"11":{"start":{"line":22,"column":16},"end":{"line":22,"column":54}}},"branchMap":{"1":{"line":9,"type":"if","locations":[{"start":{"line":9,"column":12},"end":{"line":9,"column":12}},{"start":{"line":9,"column":12},"end":{"line":9,"column":12}}]},"2":{"line":21,"type":"if","locations":[{"start":{"line":21,"column":12},"end":{"line":21,"column":12}},{"start":{"line":21,"column":12},"end":{"line":21,"column":12}}]}}},"src\\js\\_urls.js":{"path":"src\\js\\_urls.js","s":{"1":1,"2":0,"3":0,"4":0,"5":0,"6":0,"7":0,"8":0,"9":6,"10":2,"11":2,"12":2,"13":2},"b":{"1":[0,0],"2":[2,4],"3":[2,0]},"f":{"1":0,"2":0,"3":6,"4":2},"fnMap":{"1":{"name":"(anonymous_1)","line":7,"loc":{"start":{"line":7,"column":11},"end":{"line":7,"column":29}}},"2":{"name":"(anonymous_2)","line":16,"loc":{"start":{"line":16,"column":11},"end":{"line":16,"column":34}}},"3":{"name":"(anonymous_3)","line":22,"loc":{"start":{"line":22,"column":11},"end":{"line":22,"column":29}}},"4":{"name":"(anonymous_4)","line":27,"loc":{"start":{"line":27,"column":15},"end":{"line":27,"column":30}}}},"statementMap":{"1":{"start":{"line":2,"column":0},"end":{"line":33,"column":2}},"2":{"start":{"line":8,"column":4},"end":{"line":8,"column":48}},"3":{"start":{"line":9,"column":4},"end":{"line":9,"column":50}},"4":{"start":{"line":10,"column":4},"end":{"line":10,"column":53}},"5":{"start":{"line":11,"column":4},"end":{"line":11,"column":70}},"6":{"start":{"line":12,"column":4},"end":{"line":12,"column":43}},"7":{"start":{"line":13,"column":4},"end":{"line":13,"column":15}},"8":{"start":{"line":17,"column":4},"end":{"line":17,"column":49}},"9":{"start":{"line":23,"column":2},"end":{"line":25,"column":3}},"10":{"start":{"line":24,"column":3},"end":{"line":24,"column":67}},"11":{"start":{"line":28,"column":5},"end":{"line":28,"column":63}},"12":{"start":{"line":29,"column":5},"end":{"line":30,"column":47}},"13":{"start":{"line":31,"column":5},"end":{"line":31,"column":87}}},"branchMap":{"1":{"line":11,"type":"binary-expr","locations":[{"start":{"line":11,"column":23},"end":{"line":11,"column":39}},{"start":{"line":11,"column":43},"end":{"line":11,"column":68}}]},"2":{"line":23,"type":"if","locations":[{"start":{"line":23,"column":2},"end":{"line":23,"column":2}},{"start":{"line":23,"column":2},"end":{"line":23,"column":2}}]},"3":{"line":31,"type":"cond-expr","locations":[{"start":{"line":31,"column":31},"end":{"line":31,"column":33}},{"start":{"line":31,"column":36},"end":{"line":31,"column":86}}]}}},"src\\js\\main-address.js":{"path":"src\\js\\main-address.js","s":{"1":1,"2":6,"3":6,"4":6,"5":6,"6":6,"7":6,"8":6,"9":6,"10":6,"11":6,"12":6,"13":6,"14":6,"15":6,"16":6,"17":6,"18":6,"19":6,"20":6,"21":2,"22":2,"23":2,"24":4,"25":4,"26":0,"27":0,"28":0,"29":0,"30":0,"31":0,"32":0,"33":6,"34":0,"35":0,"36":0,"37":0,"38":0,"39":0,"40":0,"41":0,"42":0,"43":0,"44":0,"45":0,"46":0,"47":0,"48":0,"49":0,"50":0,"51":0,"52":0,"53":6,"54":4,"55":4,"56":4,"57":6,"58":4,"59":6,"60":4,"61":6,"62":0,"63":0,"64":0,"65":0,"66":6,"67":0,"68":0,"69":0,"70":0,"71":0,"72":0,"73":0,"74":0,"75":0,"76":0,"77":0,"78":0,"79":0,"80":0,"81":0,"82":0,"83":0,"84":0,"85":0,"86":0,"87":0,"88":0,"89":0,"90":0,"91":0,"92":0,"93":0,"94":0,"95":0,"96":0,"97":0,"98":0,"99":0,"100":0,"101":0,"102":0,"103":0,"104":0,"105":0,"106":0,"107":0,"108":0,"109":0,"110":0,"111":0,"112":0,"113":0,"114":0,"115":0,"116":0,"117":0,"118":0,"119":0,"120":0,"121":0,"122":0,"123":0,"124":0,"125":0,"126":0,"127":0,"128":0,"129":0,"130":0,"131":0,"132":0,"133":0,"134":0,"135":0,"136":0,"137":0,"138":0,"139":0,"140":0,"141":0,"142":0,"143":0,"144":0,"145":0,"146":0,"147":0,"148":0,"149":0,"150":0,"151":0,"152":0,"153":0,"154":0,"155":0,"156":0,"157":0,"158":0,"159":0,"160":0,"161":0,"162":0,"163":0,"164":0,"165":0,"166":0,"167":0,"168":0,"169":0,"170":0,"171":6,"172":0,"173":0,"174":0,"175":0,"176":0,"177":0,"178":0,"179":0,"180":0,"181":0,"182":0,"183":0,"184":0,"185":0,"186":0,"187":0,"188":0,"189":0,"190":0,"191":0,"192":0,"193":0,"194":0,"195":0,"196":0,"197":0,"198":0,"199":0,"200":0,"201":0,"202":0,"203":0,"204":0,"205":0,"206":0,"207":0,"208":0,"209":0,"210":0,"211":0,"212":0,"213":0,"214":0,"215":0,"216":0,"217":0,"218":0,"219":0,"220":0,"221":0,"222":0,"223":0,"224":0,"225":0,"226":0,"227":0,"228":0,"229":0,"230":0,"231":0,"232":0,"233":0,"234":0,"235":0,"236":0,"237":0,"238":0,"239":0,"240":0,"241":0,"242":0,"243":0,"244":0,"245":0,"246":0,"247":0,"248":0,"249":0,"250":6,"251":0,"252":0,"253":0,"254":0,"255":0,"256":0,"257":6,"258":0,"259":0,"260":0,"261":0,"262":0,"263":0,"264":0,"265":0,"266":0,"267":0,"268":0,"269":0,"270":0,"271":0,"272":6,"273":0,"274":0,"275":0,"276":0,"277":0,"278":0,"279":0,"280":6,"281":0,"282":0,"283":0,"284":0,"285":0,"286":0,"287":0,"288":6,"289":0,"290":0,"291":0,"292":0,"293":0,"294":0,"295":0,"296":0,"297":0,"298":0,"299":0,"300":0,"301":0,"302":0,"303":0,"304":0,"305":6,"306":6},"b":{"1":[6,0],"2":[6,6],"3":[6,6],"4":[6,6],"5":[6,6],"6":[6,6],"7":[6,6],"8":[6,5],"9":[2,4],"10":[0,4],"11":[0,0],"12":[0,0],"13":[0,0],"14":[0,0,0],"15":[0,0],"16":[0,0],"17":[0,0],"18":[4,0],"19":[4,2,1,1,0],"20":[0,0],"21":[0,0],"22":[0,0],"23":[0,0],"24":[0,0],"25":[0,0],"26":[0,0],"27":[0,0],"28":[0,0],"29":[0,0],"30":[0,0],"31":[0,0],"32":[0,0],"33":[0,0],"34":[0,0],"35":[0,0],"36":[0,0],"37":[0,0],"38":[0,0],"39":[0,0],"40":[0,0],"41":[0,0],"42":[0,0],"43":[0,0],"44":[0,0],"45":[0,0],"46":[0,0],"47":[0,0],"48":[0,0],"49":[0,0],"50":[0,0],"51":[0,0],"52":[0,0],"53":[0,0],"54":[0,0],"55":[0,0],"56":[0,0],"57":[0,0],"58":[0,0],"59":[0,0]},"f":{"1":6,"2":6,"3":0,"4":0,"5":4,"6":4,"7":4,"8":0,"9":0,"10":0,"11":0,"12":0,"13":0,"14":0,"15":0,"16":0,"17":0,"18":0,"19":0,"20":0,"21":0,"22":0,"23":0,"24":0,"25":0,"26":0,"27":0,"28":0,"29":0,"30":0,"31":0,"32":0,"33":0,"34":0,"35":0,"36":0,"37":0,"38":0,"39":0,"40":0,"41":0,"42":0,"43":0},"fnMap":{"1":{"name":"(anonymous_1)","line":2,"loc":{"start":{"line":2,"column":30},"end":{"line":2,"column":47}}},"2":{"name":"(anonymous_2)","line":26,"loc":{"start":{"line":26,"column":17},"end":{"line":26,"column":27}}},"3":{"name":"(anonymous_3)","line":48,"loc":{"start":{"line":48,"column":56},"end":{"line":48,"column":71}}},"4":{"name":"(anonymous_4)","line":56,"loc":{"start":{"line":56,"column":19},"end":{"line":56,"column":34}}},"5":{"name":"(anonymous_5)","line":101,"loc":{"start":{"line":101,"column":27},"end":{"line":101,"column":37}}},"6":{"name":"(anonymous_6)","line":111,"loc":{"start":{"line":111,"column":22},"end":{"line":111,"column":32}}},"7":{"name":"(anonymous_7)","line":122,"loc":{"start":{"line":122,"column":34},"end":{"line":122,"column":44}}},"8":{"name":"(anonymous_8)","line":129,"loc":{"start":{"line":129,"column":19},"end":{"line":129,"column":32}}},"9":{"name":"(anonymous_9)","line":149,"loc":{"start":{"line":149,"column":8},"end":{"line":149,"column":23}}},"10":{"name":"(anonymous_10)","line":179,"loc":{"start":{"line":179,"column":36},"end":{"line":179,"column":50}}},"11":{"name":"(anonymous_11)","line":193,"loc":{"start":{"line":193,"column":8},"end":{"line":193,"column":18}}},"12":{"name":"(anonymous_12)","line":206,"loc":{"start":{"line":206,"column":11},"end":{"line":206,"column":21}}},"13":{"name":"(anonymous_13)","line":218,"loc":{"start":{"line":218,"column":12},"end":{"line":218,"column":22}}},"14":{"name":"(anonymous_14)","line":225,"loc":{"start":{"line":225,"column":10},"end":{"line":225,"column":20}}},"15":{"name":"(anonymous_15)","line":261,"loc":{"start":{"line":261,"column":14},"end":{"line":261,"column":24}}},"16":{"name":"(anonymous_16)","line":271,"loc":{"start":{"line":271,"column":18},"end":{"line":271,"column":32}}},"17":{"name":"(anonymous_17)","line":280,"loc":{"start":{"line":280,"column":17},"end":{"line":280,"column":29}}},"18":{"name":"(anonymous_18)","line":284,"loc":{"start":{"line":284,"column":9},"end":{"line":284,"column":20}}},"19":{"name":"(anonymous_19)","line":350,"loc":{"start":{"line":350,"column":23},"end":{"line":350,"column":37}}},"20":{"name":"(anonymous_20)","line":362,"loc":{"start":{"line":362,"column":10},"end":{"line":362,"column":23}}},"21":{"name":"(anonymous_21)","line":365,"loc":{"start":{"line":365,"column":14},"end":{"line":365,"column":24}}},"22":{"name":"(anonymous_22)","line":379,"loc":{"start":{"line":379,"column":8},"end":{"line":379,"column":22}}},"23":{"name":"(anonymous_23)","line":390,"loc":{"start":{"line":390,"column":8},"end":{"line":390,"column":22}}},"24":{"name":"(anonymous_24)","line":437,"loc":{"start":{"line":437,"column":8},"end":{"line":437,"column":18}}},"25":{"name":"(anonymous_25)","line":444,"loc":{"start":{"line":444,"column":35},"end":{"line":444,"column":45}}},"26":{"name":"(anonymous_26)","line":459,"loc":{"start":{"line":459,"column":10},"end":{"line":459,"column":30}}},"27":{"name":"(anonymous_27)","line":469,"loc":{"start":{"line":469,"column":53},"end":{"line":469,"column":68}}},"28":{"name":"(anonymous_28)","line":481,"loc":{"start":{"line":481,"column":8},"end":{"line":481,"column":23}}},"29":{"name":"(anonymous_29)","line":488,"loc":{"start":{"line":488,"column":10},"end":{"line":488,"column":23}}},"30":{"name":"(anonymous_30)","line":507,"loc":{"start":{"line":507,"column":25},"end":{"line":507,"column":35}}},"31":{"name":"(anonymous_31)","line":518,"loc":{"start":{"line":518,"column":25},"end":{"line":518,"column":35}}},"32":{"name":"(anonymous_32)","line":528,"loc":{"start":{"line":528,"column":23},"end":{"line":528,"column":38}}},"33":{"name":"(anonymous_33)","line":546,"loc":{"start":{"line":546,"column":19},"end":{"line":546,"column":39}}},"34":{"name":"(anonymous_34)","line":556,"loc":{"start":{"line":556,"column":29},"end":{"line":556,"column":44}}},"35":{"name":"(anonymous_35)","line":569,"loc":{"start":{"line":569,"column":8},"end":{"line":569,"column":18}}},"36":{"name":"(anonymous_36)","line":588,"loc":{"start":{"line":588,"column":8},"end":{"line":588,"column":18}}},"37":{"name":"(anonymous_37)","line":601,"loc":{"start":{"line":601,"column":18},"end":{"line":601,"column":33}}},"38":{"name":"(anonymous_38)","line":619,"loc":{"start":{"line":619,"column":25},"end":{"line":619,"column":35}}},"39":{"name":"(anonymous_39)","line":626,"loc":{"start":{"line":626,"column":35},"end":{"line":626,"column":45}}},"40":{"name":"(anonymous_40)","line":637,"loc":{"start":{"line":637,"column":7},"end":{"line":637,"column":30}}},"41":{"name":"(anonymous_41)","line":642,"loc":{"start":{"line":642,"column":44},"end":{"line":642,"column":55}}},"42":{"name":"(anonymous_42)","line":660,"loc":{"start":{"line":660,"column":45},"end":{"line":660,"column":56}}},"43":{"name":"(anonymous_43)","line":666,"loc":{"start":{"line":666,"column":47},"end":{"line":666,"column":58}}}},"statementMap":{"1":{"start":{"line":2,"column":0},"end":{"line":681,"column":2}},"2":{"start":{"line":4,"column":1},"end":{"line":4,"column":30}},"3":{"start":{"line":7,"column":1},"end":{"line":7,"column":25}},"4":{"start":{"line":8,"column":1},"end":{"line":8,"column":80}},"5":{"start":{"line":9,"column":1},"end":{"line":9,"column":86}},"6":{"start":{"line":10,"column":1},"end":{"line":10,"column":30}},"7":{"start":{"line":11,"column":1},"end":{"line":11,"column":33}},"8":{"start":{"line":12,"column":1},"end":{"line":12,"column":31}},"9":{"start":{"line":13,"column":1},"end":{"line":13,"column":34}},"10":{"start":{"line":14,"column":1},"end":{"line":14,"column":32}},"11":{"start":{"line":15,"column":1},"end":{"line":15,"column":32}},"12":{"start":{"line":16,"column":1},"end":{"line":16,"column":107}},"13":{"start":{"line":17,"column":1},"end":{"line":17,"column":101}},"14":{"start":{"line":18,"column":1},"end":{"line":18,"column":101}},"15":{"start":{"line":19,"column":1},"end":{"line":19,"column":104}},"16":{"start":{"line":20,"column":1},"end":{"line":20,"column":45}},"17":{"start":{"line":23,"column":1},"end":{"line":23,"column":58}},"18":{"start":{"line":26,"column":1},"end":{"line":54,"column":3}},"19":{"start":{"line":28,"column":2},"end":{"line":28,"column":46}},"20":{"start":{"line":29,"column":2},"end":{"line":35,"column":3}},"21":{"start":{"line":31,"column":3},"end":{"line":31,"column":28}},"22":{"start":{"line":33,"column":3},"end":{"line":33,"column":169}},"23":{"start":{"line":34,"column":3},"end":{"line":34,"column":10}},"24":{"start":{"line":37,"column":2},"end":{"line":37,"column":28}},"25":{"start":{"line":39,"column":2},"end":{"line":53,"column":3}},"26":{"start":{"line":40,"column":3},"end":{"line":40,"column":44}},"27":{"start":{"line":42,"column":3},"end":{"line":42,"column":61}},"28":{"start":{"line":44,"column":3},"end":{"line":44,"column":72}},"29":{"start":{"line":46,"column":3},"end":{"line":46,"column":65}},"30":{"start":{"line":48,"column":3},"end":{"line":50,"column":6}},"31":{"start":{"line":49,"column":7},"end":{"line":49,"column":30}},"32":{"start":{"line":52,"column":3},"end":{"line":52,"column":26}},"33":{"start":{"line":56,"column":1},"end":{"line":99,"column":3}},"34":{"start":{"line":58,"column":2},"end":{"line":58,"column":32}},"35":{"start":{"line":59,"column":8},"end":{"line":59,"column":33}},"36":{"start":{"line":60,"column":8},"end":{"line":63,"column":9}},"37":{"start":{"line":61,"column":12},"end":{"line":61,"column":39}},"38":{"start":{"line":62,"column":12},"end":{"line":62,"column":19}},"39":{"start":{"line":65,"column":2},"end":{"line":65,"column":52}},"40":{"start":{"line":66,"column":2},"end":{"line":66,"column":59}},"41":{"start":{"line":69,"column":2},"end":{"line":98,"column":3}},"42":{"start":{"line":71,"column":3},"end":{"line":73,"column":4}},"43":{"start":{"line":72,"column":4},"end":{"line":72,"column":44}},"44":{"start":{"line":76,"column":3},"end":{"line":76,"column":69}},"45":{"start":{"line":79,"column":3},"end":{"line":79,"column":73}},"46":{"start":{"line":82,"column":3},"end":{"line":82,"column":56}},"47":{"start":{"line":85,"column":3},"end":{"line":85,"column":26}},"48":{"start":{"line":88,"column":3},"end":{"line":88,"column":33}},"49":{"start":{"line":91,"column":3},"end":{"line":91,"column":33}},"50":{"start":{"line":94,"column":3},"end":{"line":94,"column":53}},"51":{"start":{"line":95,"column":9},"end":{"line":98,"column":3}},"52":{"start":{"line":97,"column":3},"end":{"line":97,"column":28}},"53":{"start":{"line":101,"column":1},"end":{"line":108,"column":3}},"54":{"start":{"line":102,"column":2},"end":{"line":102,"column":55}},"55":{"start":{"line":105,"column":2},"end":{"line":107,"column":3}},"56":{"start":{"line":106,"column":3},"end":{"line":106,"column":36}},"57":{"start":{"line":111,"column":1},"end":{"line":120,"column":3}},"58":{"start":{"line":113,"column":2},"end":{"line":119,"column":83}},"59":{"start":{"line":122,"column":1},"end":{"line":126,"column":3}},"60":{"start":{"line":125,"column":2},"end":{"line":125,"column":28}},"61":{"start":{"line":129,"column":1},"end":{"line":141,"column":3}},"62":{"start":{"line":131,"column":2},"end":{"line":131,"column":56}},"63":{"start":{"line":134,"column":2},"end":{"line":134,"column":32}},"64":{"start":{"line":137,"column":2},"end":{"line":137,"column":95}},"65":{"start":{"line":140,"column":2},"end":{"line":140,"column":72}},"66":{"start":{"line":143,"column":1},"end":{"line":386,"column":3}},"67":{"start":{"line":151,"column":3},"end":{"line":151,"column":43}},"68":{"start":{"line":154,"column":3},"end":{"line":154,"column":40}},"69":{"start":{"line":157,"column":3},"end":{"line":157,"column":59}},"70":{"start":{"line":160,"column":3},"end":{"line":160,"column":95}},"71":{"start":{"line":163,"column":3},"end":{"line":163,"column":46}},"72":{"start":{"line":166,"column":3},"end":{"line":166,"column":37}},"73":{"start":{"line":169,"column":3},"end":{"line":169,"column":33}},"74":{"start":{"line":172,"column":3},"end":{"line":172,"column":141}},"75":{"start":{"line":174,"column":3},"end":{"line":190,"column":4}},"76":{"start":{"line":176,"column":4},"end":{"line":176,"column":76}},"77":{"start":{"line":179,"column":4},"end":{"line":186,"column":7}},"78":{"start":{"line":181,"column":5},"end":{"line":181,"column":59}},"79":{"start":{"line":182,"column":5},"end":{"line":182,"column":55}},"80":{"start":{"line":185,"column":5},"end":{"line":185,"column":40}},"81":{"start":{"line":189,"column":4},"end":{"line":189,"column":52}},"82":{"start":{"line":195,"column":3},"end":{"line":195,"column":40}},"83":{"start":{"line":197,"column":3},"end":{"line":197,"column":49}},"84":{"start":{"line":199,"column":3},"end":{"line":202,"column":4}},"85":{"start":{"line":200,"column":4},"end":{"line":200,"column":71}},"86":{"start":{"line":201,"column":4},"end":{"line":201,"column":44}},"87":{"start":{"line":207,"column":4},"end":{"line":210,"column":6}},"88":{"start":{"line":211,"column":4},"end":{"line":211,"column":58}},"89":{"start":{"line":212,"column":4},"end":{"line":212,"column":50}},"90":{"start":{"line":213,"column":4},"end":{"line":213,"column":107}},"91":{"start":{"line":214,"column":4},"end":{"line":214,"column":82}},"92":{"start":{"line":215,"column":4},"end":{"line":215,"column":20}},"93":{"start":{"line":219,"column":4},"end":{"line":222,"column":5}},"94":{"start":{"line":220,"column":5},"end":{"line":220,"column":101}},"95":{"start":{"line":221,"column":5},"end":{"line":221,"column":61}},"96":{"start":{"line":226,"column":4},"end":{"line":228,"column":6}},"97":{"start":{"line":230,"column":4},"end":{"line":254,"column":5}},"98":{"start":{"line":232,"column":5},"end":{"line":232,"column":55}},"99":{"start":{"line":233,"column":5},"end":{"line":240,"column":6}},"100":{"start":{"line":234,"column":6},"end":{"line":239,"column":7}},"101":{"start":{"line":235,"column":7},"end":{"line":235,"column":41}},"102":{"start":{"line":236,"column":7},"end":{"line":236,"column":27}},"103":{"start":{"line":237,"column":7},"end":{"line":237,"column":34}},"104":{"start":{"line":238,"column":7},"end":{"line":238,"column":42}},"105":{"start":{"line":243,"column":5},"end":{"line":243,"column":22}},"106":{"start":{"line":244,"column":5},"end":{"line":244,"column":57}},"107":{"start":{"line":245,"column":5},"end":{"line":253,"column":6}},"108":{"start":{"line":246,"column":6},"end":{"line":246,"column":58}},"109":{"start":{"line":247,"column":6},"end":{"line":252,"column":7}},"110":{"start":{"line":248,"column":7},"end":{"line":248,"column":42}},"111":{"start":{"line":249,"column":7},"end":{"line":249,"column":28}},"112":{"start":{"line":250,"column":7},"end":{"line":250,"column":30}},"113":{"start":{"line":251,"column":7},"end":{"line":251,"column":43}},"114":{"start":{"line":256,"column":4},"end":{"line":256,"column":36}},"115":{"start":{"line":257,"column":4},"end":{"line":257,"column":42}},"116":{"start":{"line":262,"column":3},"end":{"line":262,"column":44}},"117":{"start":{"line":263,"column":3},"end":{"line":263,"column":42}},"118":{"start":{"line":265,"column":3},"end":{"line":265,"column":76}},"119":{"start":{"line":267,"column":3},"end":{"line":267,"column":61}},"120":{"start":{"line":268,"column":3},"end":{"line":268,"column":15}},"121":{"start":{"line":272,"column":3},"end":{"line":272,"column":43}},"122":{"start":{"line":273,"column":3},"end":{"line":273,"column":63}},"123":{"start":{"line":275,"column":3},"end":{"line":275,"column":43}},"124":{"start":{"line":276,"column":3},"end":{"line":276,"column":14}},"125":{"start":{"line":281,"column":9},"end":{"line":281,"column":41}},"126":{"start":{"line":285,"column":3},"end":{"line":287,"column":13}},"127":{"start":{"line":286,"column":13},"end":{"line":286,"column":20}},"128":{"start":{"line":289,"column":12},"end":{"line":292,"column":13}},"129":{"start":{"line":290,"column":16},"end":{"line":290,"column":47}},"130":{"start":{"line":291,"column":16},"end":{"line":291,"column":23}},"131":{"start":{"line":295,"column":12},"end":{"line":296,"column":42}},"132":{"start":{"line":299,"column":12},"end":{"line":304,"column":13}},"133":{"start":{"line":300,"column":16},"end":{"line":300,"column":45}},"134":{"start":{"line":303,"column":16},"end":{"line":303,"column":45}},"135":{"start":{"line":307,"column":12},"end":{"line":310,"column":13}},"136":{"start":{"line":308,"column":16},"end":{"line":308,"column":66}},"137":{"start":{"line":309,"column":16},"end":{"line":309,"column":35}},"138":{"start":{"line":311,"column":12},"end":{"line":314,"column":13}},"139":{"start":{"line":312,"column":16},"end":{"line":312,"column":47}},"140":{"start":{"line":313,"column":16},"end":{"line":313,"column":36}},"141":{"start":{"line":317,"column":9},"end":{"line":317,"column":74}},"142":{"start":{"line":319,"column":9},"end":{"line":319,"column":92}},"143":{"start":{"line":320,"column":9},"end":{"line":322,"column":10}},"144":{"start":{"line":321,"column":10},"end":{"line":321,"column":61}},"145":{"start":{"line":323,"column":9},"end":{"line":323,"column":56}},"146":{"start":{"line":325,"column":3},"end":{"line":325,"column":56}},"147":{"start":{"line":328,"column":12},"end":{"line":335,"column":14}},"148":{"start":{"line":336,"column":12},"end":{"line":347,"column":13}},"149":{"start":{"line":337,"column":16},"end":{"line":337,"column":58}},"150":{"start":{"line":339,"column":17},"end":{"line":347,"column":13}},"151":{"start":{"line":340,"column":16},"end":{"line":340,"column":60}},"152":{"start":{"line":342,"column":17},"end":{"line":347,"column":13}},"153":{"start":{"line":343,"column":16},"end":{"line":343,"column":117}},"154":{"start":{"line":345,"column":17},"end":{"line":347,"column":13}},"155":{"start":{"line":346,"column":16},"end":{"line":346,"column":117}},"156":{"start":{"line":351,"column":3},"end":{"line":352,"column":37}},"157":{"start":{"line":354,"column":12},"end":{"line":357,"column":13}},"158":{"start":{"line":355,"column":16},"end":{"line":355,"column":103}},"159":{"start":{"line":356,"column":16},"end":{"line":356,"column":111}},"160":{"start":{"line":359,"column":12},"end":{"line":359,"column":25}},"161":{"start":{"line":363,"column":3},"end":{"line":363,"column":73}},"162":{"start":{"line":366,"column":3},"end":{"line":366,"column":20}},"163":{"start":{"line":368,"column":3},"end":{"line":373,"column":4}},"164":{"start":{"line":369,"column":4},"end":{"line":369,"column":74}},"165":{"start":{"line":371,"column":8},"end":{"line":373,"column":4}},"166":{"start":{"line":372,"column":4},"end":{"line":372,"column":49}},"167":{"start":{"line":374,"column":3},"end":{"line":376,"column":4}},"168":{"start":{"line":375,"column":4},"end":{"line":375,"column":41}},"169":{"start":{"line":381,"column":3},"end":{"line":381,"column":60}},"170":{"start":{"line":384,"column":3},"end":{"line":384,"column":48}},"171":{"start":{"line":388,"column":1},"end":{"line":553,"column":3}},"172":{"start":{"line":392,"column":3},"end":{"line":392,"column":33}},"173":{"start":{"line":395,"column":3},"end":{"line":395,"column":28}},"174":{"start":{"line":398,"column":3},"end":{"line":398,"column":29}},"175":{"start":{"line":400,"column":3},"end":{"line":435,"column":4}},"176":{"start":{"line":402,"column":4},"end":{"line":402,"column":60}},"177":{"start":{"line":405,"column":4},"end":{"line":405,"column":127}},"178":{"start":{"line":408,"column":4},"end":{"line":408,"column":24}},"179":{"start":{"line":411,"column":4},"end":{"line":425,"column":5}},"180":{"start":{"line":412,"column":5},"end":{"line":412,"column":32}},"181":{"start":{"line":414,"column":5},"end":{"line":424,"column":6}},"182":{"start":{"line":415,"column":6},"end":{"line":423,"column":7}},"183":{"start":{"line":417,"column":7},"end":{"line":417,"column":66}},"184":{"start":{"line":418,"column":7},"end":{"line":418,"column":57}},"185":{"start":{"line":421,"column":7},"end":{"line":421,"column":64}},"186":{"start":{"line":422,"column":7},"end":{"line":422,"column":82}},"187":{"start":{"line":428,"column":4},"end":{"line":428,"column":48}},"188":{"start":{"line":431,"column":4},"end":{"line":431,"column":44}},"189":{"start":{"line":434,"column":4},"end":{"line":434,"column":44}},"190":{"start":{"line":438,"column":3},"end":{"line":441,"column":4}},"191":{"start":{"line":439,"column":4},"end":{"line":439,"column":76}},"192":{"start":{"line":440,"column":4},"end":{"line":440,"column":49}},"193":{"start":{"line":445,"column":3},"end":{"line":445,"column":49}},"194":{"start":{"line":446,"column":3},"end":{"line":446,"column":48}},"195":{"start":{"line":448,"column":3},"end":{"line":452,"column":4}},"196":{"start":{"line":449,"column":4},"end":{"line":449,"column":80}},"197":{"start":{"line":450,"column":4},"end":{"line":450,"column":62}},"198":{"start":{"line":451,"column":4},"end":{"line":451,"column":35}},"199":{"start":{"line":454,"column":3},"end":{"line":454,"column":81}},"200":{"start":{"line":455,"column":3},"end":{"line":455,"column":20}},"201":{"start":{"line":461,"column":4},"end":{"line":461,"column":45}},"202":{"start":{"line":462,"column":4},"end":{"line":462,"column":32}},"203":{"start":{"line":463,"column":4},"end":{"line":463,"column":44}},"204":{"start":{"line":466,"column":4},"end":{"line":466,"column":48}},"205":{"start":{"line":467,"column":5},"end":{"line":469,"column":99}},"206":{"start":{"line":469,"column":70},"end":{"line":469,"column":95}},"207":{"start":{"line":470,"column":4},"end":{"line":470,"column":27}},"208":{"start":{"line":473,"column":4},"end":{"line":473,"column":48}},"209":{"start":{"line":474,"column":4},"end":{"line":474,"column":39}},"210":{"start":{"line":475,"column":4},"end":{"line":475,"column":36}},"211":{"start":{"line":476,"column":4},"end":{"line":476,"column":39}},"212":{"start":{"line":477,"column":4},"end":{"line":477,"column":27}},"213":{"start":{"line":478,"column":4},"end":{"line":478,"column":15}},"214":{"start":{"line":482,"column":4},"end":{"line":482,"column":44}},"215":{"start":{"line":483,"column":4},"end":{"line":483,"column":32}},"216":{"start":{"line":484,"column":4},"end":{"line":484,"column":26}},"217":{"start":{"line":485,"column":4},"end":{"line":485,"column":15}},"218":{"start":{"line":489,"column":4},"end":{"line":489,"column":20}},"219":{"start":{"line":490,"column":4},"end":{"line":490,"column":37}},"220":{"start":{"line":491,"column":4},"end":{"line":491,"column":46}},"221":{"start":{"line":492,"column":4},"end":{"line":492,"column":56}},"222":{"start":{"line":493,"column":4},"end":{"line":502,"column":5}},"223":{"start":{"line":494,"column":5},"end":{"line":501,"column":6}},"224":{"start":{"line":495,"column":6},"end":{"line":495,"column":65}},"225":{"start":{"line":496,"column":6},"end":{"line":498,"column":7}},"226":{"start":{"line":497,"column":7},"end":{"line":497,"column":31}},"227":{"start":{"line":503,"column":4},"end":{"line":503,"column":17}},"228":{"start":{"line":508,"column":3},"end":{"line":508,"column":42}},"229":{"start":{"line":509,"column":3},"end":{"line":509,"column":34}},"230":{"start":{"line":510,"column":3},"end":{"line":510,"column":43}},"231":{"start":{"line":511,"column":3},"end":{"line":511,"column":45}},"232":{"start":{"line":513,"column":3},"end":{"line":513,"column":54}},"233":{"start":{"line":515,"column":3},"end":{"line":515,"column":71}},"234":{"start":{"line":519,"column":3},"end":{"line":519,"column":42}},"235":{"start":{"line":520,"column":3},"end":{"line":520,"column":34}},"236":{"start":{"line":521,"column":3},"end":{"line":521,"column":43}},"237":{"start":{"line":522,"column":3},"end":{"line":522,"column":45}},"238":{"start":{"line":524,"column":3},"end":{"line":524,"column":54}},"239":{"start":{"line":526,"column":3},"end":{"line":526,"column":50}},"240":{"start":{"line":529,"column":3},"end":{"line":531,"column":4}},"241":{"start":{"line":530,"column":4},"end":{"line":530,"column":27}},"242":{"start":{"line":534,"column":3},"end":{"line":534,"column":96}},"243":{"start":{"line":537,"column":3},"end":{"line":537,"column":63}},"244":{"start":{"line":540,"column":3},"end":{"line":540,"column":100}},"245":{"start":{"line":541,"column":3},"end":{"line":543,"column":4}},"246":{"start":{"line":542,"column":5},"end":{"line":542,"column":53}},"247":{"start":{"line":547,"column":3},"end":{"line":551,"column":4}},"248":{"start":{"line":548,"column":4},"end":{"line":550,"column":5}},"249":{"start":{"line":549,"column":5},"end":{"line":549,"column":65}},"250":{"start":{"line":556,"column":1},"end":{"line":566,"column":3}},"251":{"start":{"line":557,"column":2},"end":{"line":557,"column":28}},"252":{"start":{"line":558,"column":2},"end":{"line":558,"column":51}},"253":{"start":{"line":559,"column":2},"end":{"line":565,"column":3}},"254":{"start":{"line":560,"column":3},"end":{"line":564,"column":4}},"255":{"start":{"line":561,"column":4},"end":{"line":561,"column":43}},"256":{"start":{"line":563,"column":4},"end":{"line":563,"column":40}},"257":{"start":{"line":568,"column":1},"end":{"line":598,"column":3}},"258":{"start":{"line":571,"column":3},"end":{"line":573,"column":4}},"259":{"start":{"line":572,"column":4},"end":{"line":572,"column":11}},"260":{"start":{"line":575,"column":6},"end":{"line":575,"column":59}},"261":{"start":{"line":576,"column":6},"end":{"line":576,"column":47}},"262":{"start":{"line":577,"column":6},"end":{"line":577,"column":54}},"263":{"start":{"line":580,"column":3},"end":{"line":580,"column":47}},"264":{"start":{"line":581,"column":3},"end":{"line":581,"column":36}},"265":{"start":{"line":582,"column":3},"end":{"line":582,"column":41}},"266":{"start":{"line":585,"column":3},"end":{"line":585,"column":88}},"267":{"start":{"line":590,"column":3},"end":{"line":592,"column":4}},"268":{"start":{"line":591,"column":4},"end":{"line":591,"column":11}},"269":{"start":{"line":593,"column":3},"end":{"line":593,"column":75}},"270":{"start":{"line":594,"column":3},"end":{"line":596,"column":4}},"271":{"start":{"line":595,"column":4},"end":{"line":595,"column":51}},"272":{"start":{"line":601,"column":1},"end":{"line":616,"column":3}},"273":{"start":{"line":602,"column":2},"end":{"line":604,"column":3}},"274":{"start":{"line":603,"column":3},"end":{"line":603,"column":26}},"275":{"start":{"line":606,"column":2},"end":{"line":606,"column":26}},"276":{"start":{"line":608,"column":2},"end":{"line":608,"column":25}},"277":{"start":{"line":610,"column":2},"end":{"line":610,"column":55}},"278":{"start":{"line":612,"column":2},"end":{"line":612,"column":25}},"279":{"start":{"line":615,"column":2},"end":{"line":615,"column":40}},"280":{"start":{"line":619,"column":1},"end":{"line":632,"column":3}},"281":{"start":{"line":620,"column":2},"end":{"line":620,"column":27}},"282":{"start":{"line":623,"column":2},"end":{"line":623,"column":48}},"283":{"start":{"line":624,"column":2},"end":{"line":624,"column":30}},"284":{"start":{"line":625,"column":2},"end":{"line":625,"column":77}},"285":{"start":{"line":626,"column":2},"end":{"line":631,"column":5}},"286":{"start":{"line":628,"column":3},"end":{"line":628,"column":47}},"287":{"start":{"line":630,"column":3},"end":{"line":630,"column":49}},"288":{"start":{"line":635,"column":1},"end":{"line":674,"column":3}},"289":{"start":{"line":638,"column":3},"end":{"line":638,"column":58}},"290":{"start":{"line":639,"column":3},"end":{"line":639,"column":58}},"291":{"start":{"line":640,"column":3},"end":{"line":640,"column":50}},"292":{"start":{"line":642,"column":3},"end":{"line":658,"column":5}},"293":{"start":{"line":643,"column":5},"end":{"line":657,"column":6}},"294":{"start":{"line":645,"column":7},"end":{"line":645,"column":75}},"295":{"start":{"line":646,"column":7},"end":{"line":646,"column":22}},"296":{"start":{"line":649,"column":4},"end":{"line":649,"column":34}},"297":{"start":{"line":652,"column":4},"end":{"line":656,"column":5}},"298":{"start":{"line":653,"column":5},"end":{"line":653,"column":29}},"299":{"start":{"line":655,"column":5},"end":{"line":655,"column":177}},"300":{"start":{"line":660,"column":3},"end":{"line":664,"column":5}},"301":{"start":{"line":663,"column":4},"end":{"line":663,"column":34}},"302":{"start":{"line":666,"column":3},"end":{"line":670,"column":5}},"303":{"start":{"line":669,"column":4},"end":{"line":669,"column":34}},"304":{"start":{"line":672,"column":3},"end":{"line":672,"column":42}},"305":{"start":{"line":677,"column":1},"end":{"line":677,"column":17}},"306":{"start":{"line":680,"column":1},"end":{"line":680,"column":17}}},"branchMap":{"1":{"line":4,"type":"binary-expr","locations":[{"start":{"line":4,"column":16},"end":{"line":4,"column":23}},{"start":{"line":4,"column":27},"end":{"line":4,"column":29}}]},"2":{"line":8,"type":"binary-expr","locations":[{"start":{"line":8,"column":21},"end":{"line":8,"column":38}},{"start":{"line":8,"column":42},"end":{"line":8,"column":79}}]},"3":{"line":9,"type":"binary-expr","locations":[{"start":{"line":9,"column":23},"end":{"line":9,"column":42}},{"start":{"line":9,"column":46},"end":{"line":9,"column":85}}]},"4":{"line":16,"type":"binary-expr","locations":[{"start":{"line":16,"column":28},"end":{"line":16,"column":52}},{"start":{"line":16,"column":56},"end":{"line":16,"column":106}}]},"5":{"line":17,"type":"binary-expr","locations":[{"start":{"line":17,"column":28},"end":{"line":17,"column":52}},{"start":{"line":17,"column":56},"end":{"line":17,"column":100}}]},"6":{"line":18,"type":"binary-expr","locations":[{"start":{"line":18,"column":28},"end":{"line":18,"column":52}},{"start":{"line":18,"column":56},"end":{"line":18,"column":100}}]},"7":{"line":19,"type":"binary-expr","locations":[{"start":{"line":19,"column":29},"end":{"line":19,"column":54}},{"start":{"line":19,"column":58},"end":{"line":19,"column":103}}]},"8":{"line":20,"type":"binary-expr","locations":[{"start":{"line":20,"column":21},"end":{"line":20,"column":38}},{"start":{"line":20,"column":42},"end":{"line":20,"column":44}}]},"9":{"line":29,"type":"if","locations":[{"start":{"line":29,"column":2},"end":{"line":29,"column":2}},{"start":{"line":29,"column":2},"end":{"line":29,"column":2}}]},"10":{"line":39,"type":"if","locations":[{"start":{"line":39,"column":2},"end":{"line":39,"column":2}},{"start":{"line":39,"column":2},"end":{"line":39,"column":2}}]},"11":{"line":58,"type":"binary-expr","locations":[{"start":{"line":58,"column":10},"end":{"line":58,"column":15}},{"start":{"line":58,"column":19},"end":{"line":58,"column":31}}]},"12":{"line":59,"type":"binary-expr","locations":[{"start":{"line":59,"column":12},"end":{"line":59,"column":19}},{"start":{"line":59,"column":23},"end":{"line":59,"column":32}}]},"13":{"line":60,"type":"if","locations":[{"start":{"line":60,"column":8},"end":{"line":60,"column":8}},{"start":{"line":60,"column":8},"end":{"line":60,"column":8}}]},"14":{"line":60,"type":"binary-expr","locations":[{"start":{"line":60,"column":12},"end":{"line":60,"column":20}},{"start":{"line":60,"column":30},"end":{"line":60,"column":38}},{"start":{"line":60,"column":50},"end":{"line":60,"column":58}}]},"15":{"line":69,"type":"if","locations":[{"start":{"line":69,"column":2},"end":{"line":69,"column":2}},{"start":{"line":69,"column":2},"end":{"line":69,"column":2}}]},"16":{"line":71,"type":"if","locations":[{"start":{"line":71,"column":3},"end":{"line":71,"column":3}},{"start":{"line":71,"column":3},"end":{"line":71,"column":3}}]},"17":{"line":95,"type":"if","locations":[{"start":{"line":95,"column":9},"end":{"line":95,"column":9}},{"start":{"line":95,"column":9},"end":{"line":95,"column":9}}]},"18":{"line":105,"type":"if","locations":[{"start":{"line":105,"column":2},"end":{"line":105,"column":2}},{"start":{"line":105,"column":2},"end":{"line":105,"column":2}}]},"19":{"line":113,"type":"binary-expr","locations":[{"start":{"line":113,"column":10},"end":{"line":113,"column":26}},{"start":{"line":115,"column":4},"end":{"line":115,"column":37}},{"start":{"line":117,"column":4},"end":{"line":117,"column":58}},{"start":{"line":119,"column":4},"end":{"line":119,"column":44}},{"start":{"line":119,"column":48},"end":{"line":119,"column":81}}]},"20":{"line":160,"type":"binary-expr","locations":[{"start":{"line":160,"column":33},"end":{"line":160,"column":60}},{"start":{"line":160,"column":64},"end":{"line":160,"column":94}}]},"21":{"line":172,"type":"binary-expr","locations":[{"start":{"line":172,"column":49},"end":{"line":172,"column":92}},{"start":{"line":172,"column":96},"end":{"line":172,"column":140}}]},"22":{"line":174,"type":"if","locations":[{"start":{"line":174,"column":3},"end":{"line":174,"column":3}},{"start":{"line":174,"column":3},"end":{"line":174,"column":3}}]},"23":{"line":199,"type":"if","locations":[{"start":{"line":199,"column":3},"end":{"line":199,"column":3}},{"start":{"line":199,"column":3},"end":{"line":199,"column":3}}]},"24":{"line":219,"type":"if","locations":[{"start":{"line":219,"column":4},"end":{"line":219,"column":4}},{"start":{"line":219,"column":4},"end":{"line":219,"column":4}}]},"25":{"line":230,"type":"if","locations":[{"start":{"line":230,"column":4},"end":{"line":230,"column":4}},{"start":{"line":230,"column":4},"end":{"line":230,"column":4}}]},"26":{"line":233,"type":"if","locations":[{"start":{"line":233,"column":5},"end":{"line":233,"column":5}},{"start":{"line":233,"column":5},"end":{"line":233,"column":5}}]},"27":{"line":245,"type":"if","locations":[{"start":{"line":245,"column":5},"end":{"line":245,"column":5}},{"start":{"line":245,"column":5},"end":{"line":245,"column":5}}]},"28":{"line":285,"type":"if","locations":[{"start":{"line":285,"column":3},"end":{"line":285,"column":3}},{"start":{"line":285,"column":3},"end":{"line":285,"column":3}}]},"29":{"line":289,"type":"if","locations":[{"start":{"line":289,"column":12},"end":{"line":289,"column":12}},{"start":{"line":289,"column":12},"end":{"line":289,"column":12}}]},"30":{"line":299,"type":"if","locations":[{"start":{"line":299,"column":12},"end":{"line":299,"column":12}},{"start":{"line":299,"column":12},"end":{"line":299,"column":12}}]},"31":{"line":307,"type":"if","locations":[{"start":{"line":307,"column":12},"end":{"line":307,"column":12}},{"start":{"line":307,"column":12},"end":{"line":307,"column":12}}]},"32":{"line":311,"type":"if","locations":[{"start":{"line":311,"column":12},"end":{"line":311,"column":12}},{"start":{"line":311,"column":12},"end":{"line":311,"column":12}}]},"33":{"line":320,"type":"if","locations":[{"start":{"line":320,"column":9},"end":{"line":320,"column":9}},{"start":{"line":320,"column":9},"end":{"line":320,"column":9}}]},"34":{"line":336,"type":"if","locations":[{"start":{"line":336,"column":12},"end":{"line":336,"column":12}},{"start":{"line":336,"column":12},"end":{"line":336,"column":12}}]},"35":{"line":339,"type":"if","locations":[{"start":{"line":339,"column":17},"end":{"line":339,"column":17}},{"start":{"line":339,"column":17},"end":{"line":339,"column":17}}]},"36":{"line":342,"type":"if","locations":[{"start":{"line":342,"column":17},"end":{"line":342,"column":17}},{"start":{"line":342,"column":17},"end":{"line":342,"column":17}}]},"37":{"line":345,"type":"if","locations":[{"start":{"line":345,"column":17},"end":{"line":345,"column":17}},{"start":{"line":345,"column":17},"end":{"line":345,"column":17}}]},"38":{"line":351,"type":"binary-expr","locations":[{"start":{"line":351,"column":20},"end":{"line":351,"column":32}},{"start":{"line":351,"column":36},"end":{"line":351,"column":38}}]},"39":{"line":368,"type":"if","locations":[{"start":{"line":368,"column":3},"end":{"line":368,"column":3}},{"start":{"line":368,"column":3},"end":{"line":368,"column":3}}]},"40":{"line":371,"type":"if","locations":[{"start":{"line":371,"column":8},"end":{"line":371,"column":8}},{"start":{"line":371,"column":8},"end":{"line":371,"column":8}}]},"41":{"line":374,"type":"if","locations":[{"start":{"line":374,"column":3},"end":{"line":374,"column":3}},{"start":{"line":374,"column":3},"end":{"line":374,"column":3}}]},"42":{"line":400,"type":"if","locations":[{"start":{"line":400,"column":3},"end":{"line":400,"column":3}},{"start":{"line":400,"column":3},"end":{"line":400,"column":3}}]},"43":{"line":405,"type":"binary-expr","locations":[{"start":{"line":405,"column":39},"end":{"line":405,"column":73}},{"start":{"line":405,"column":77},"end":{"line":405,"column":126}}]},"44":{"line":415,"type":"if","locations":[{"start":{"line":415,"column":6},"end":{"line":415,"column":6}},{"start":{"line":415,"column":6},"end":{"line":415,"column":6}}]},"45":{"line":438,"type":"if","locations":[{"start":{"line":438,"column":3},"end":{"line":438,"column":3}},{"start":{"line":438,"column":3},"end":{"line":438,"column":3}}]},"46":{"line":448,"type":"if","locations":[{"start":{"line":448,"column":3},"end":{"line":448,"column":3}},{"start":{"line":448,"column":3},"end":{"line":448,"column":3}}]},"47":{"line":493,"type":"if","locations":[{"start":{"line":493,"column":4},"end":{"line":493,"column":4}},{"start":{"line":493,"column":4},"end":{"line":493,"column":4}}]},"48":{"line":496,"type":"if","locations":[{"start":{"line":496,"column":6},"end":{"line":496,"column":6}},{"start":{"line":496,"column":6},"end":{"line":496,"column":6}}]},"49":{"line":529,"type":"if","locations":[{"start":{"line":529,"column":3},"end":{"line":529,"column":3}},{"start":{"line":529,"column":3},"end":{"line":529,"column":3}}]},"50":{"line":547,"type":"if","locations":[{"start":{"line":547,"column":3},"end":{"line":547,"column":3}},{"start":{"line":547,"column":3},"end":{"line":547,"column":3}}]},"51":{"line":557,"type":"binary-expr","locations":[{"start":{"line":557,"column":10},"end":{"line":557,"column":15}},{"start":{"line":557,"column":19},"end":{"line":557,"column":27}}]},"52":{"line":560,"type":"if","locations":[{"start":{"line":560,"column":3},"end":{"line":560,"column":3}},{"start":{"line":560,"column":3},"end":{"line":560,"column":3}}]},"53":{"line":571,"type":"if","locations":[{"start":{"line":571,"column":3},"end":{"line":571,"column":3}},{"start":{"line":571,"column":3},"end":{"line":571,"column":3}}]},"54":{"line":590,"type":"if","locations":[{"start":{"line":590,"column":3},"end":{"line":590,"column":3}},{"start":{"line":590,"column":3},"end":{"line":590,"column":3}}]},"55":{"line":594,"type":"if","locations":[{"start":{"line":594,"column":3},"end":{"line":594,"column":3}},{"start":{"line":594,"column":3},"end":{"line":594,"column":3}}]},"56":{"line":602,"type":"if","locations":[{"start":{"line":602,"column":2},"end":{"line":602,"column":2}},{"start":{"line":602,"column":2},"end":{"line":602,"column":2}}]},"57":{"line":643,"type":"if","locations":[{"start":{"line":643,"column":5},"end":{"line":643,"column":5}},{"start":{"line":643,"column":5},"end":{"line":643,"column":5}}]},"58":{"line":643,"type":"binary-expr","locations":[{"start":{"line":643,"column":9},"end":{"line":643,"column":54}},{"start":{"line":643,"column":58},"end":{"line":643,"column":102}}]},"59":{"line":652,"type":"if","locations":[{"start":{"line":652,"column":4},"end":{"line":652,"column":4}},{"start":{"line":652,"column":4},"end":{"line":652,"column":4}}]}}}}