{"src\\js\\_scaffolding.js":{"path":"src\\js\\_scaffolding.js","s":{"1":1},"b":{"1":[1,1]},"f":{},"fnMap":{},"statementMap":{"1":{"start":{"line":2,"column":0},"end":{"line":2,"column":88}}},"branchMap":{"1":{"line":2,"type":"binary-expr","locations":[{"start":{"line":2,"column":55},"end":{"line":2,"column":81}},{"start":{"line":2,"column":85},"end":{"line":2,"column":87}}]}}},"src\\js\\_defaults.js":{"path":"src\\js\\_defaults.js","s":{"1":1},"b":{},"f":{},"fnMap":{},"statementMap":{"1":{"start":{"line":2,"column":0},"end":{"line":9,"column":2}}},"branchMap":{}},"src\\js\\_event-factory.js":{"path":"src\\js\\_event-factory.js","s":{"1":1,"2":6,"3":6,"4":6,"5":0,"6":0,"7":6,"8":0,"9":0,"10":0,"11":0,"12":0,"13":0,"14":6},"b":{"1":[0,0],"2":[0,0]},"f":{"1":6,"2":0,"3":0},"fnMap":{"1":{"name":"(anonymous_1)","line":2,"loc":{"start":{"line":2,"column":35},"end":{"line":2,"column":45}}},"2":{"name":"(anonymous_2)","line":10,"loc":{"start":{"line":10,"column":13},"end":{"line":10,"column":38}}},"3":{"name":"(anonymous_3)","line":18,"loc":{"start":{"line":18,"column":18},"end":{"line":18,"column":41}}}},"statementMap":{"1":{"start":{"line":2,"column":0},"end":{"line":39,"column":2}},"2":{"start":{"line":4,"column":1},"end":{"line":4,"column":17}},"3":{"start":{"line":7,"column":1},"end":{"line":7,"column":24}},"4":{"start":{"line":10,"column":1},"end":{"line":15,"column":6}},"5":{"start":{"line":12,"column":8},"end":{"line":12,"column":66}},"6":{"start":{"line":14,"column":8},"end":{"line":14,"column":46}},"7":{"start":{"line":18,"column":1},"end":{"line":35,"column":6}},"8":{"start":{"line":20,"column":8},"end":{"line":34,"column":9}},"9":{"start":{"line":22,"column":12},"end":{"line":33,"column":13}},"10":{"start":{"line":24,"column":16},"end":{"line":24,"column":34}},"11":{"start":{"line":27,"column":16},"end":{"line":29,"column":17}},"12":{"start":{"line":28,"column":20},"end":{"line":28,"column":44}},"13":{"start":{"line":32,"column":16},"end":{"line":32,"column":75}},"14":{"start":{"line":38,"column":4},"end":{"line":38,"column":18}}},"branchMap":{"1":{"line":12,"type":"binary-expr","locations":[{"start":{"line":12,"column":35},"end":{"line":12,"column":59}},{"start":{"line":12,"column":63},"end":{"line":12,"column":65}}]},"2":{"line":20,"type":"if","locations":[{"start":{"line":20,"column":8},"end":{"line":20,"column":8}},{"start":{"line":20,"column":8},"end":{"line":20,"column":8}}]}}},"src\\js\\_ua.js":{"path":"src\\js\\_ua.js","s":{"1":1,"2":2,"3":2,"4":1,"5":1,"6":1,"7":1,"8":2,"9":0,"10":0,"11":0},"b":{"1":[1,1],"2":[0,0]},"f":{"1":2,"2":0},"fnMap":{"1":{"name":"(anonymous_1)","line":4,"loc":{"start":{"line":4,"column":14},"end":{"line":4,"column":28}}},"2":{"name":"(anonymous_2)","line":19,"loc":{"start":{"line":19,"column":14},"end":{"line":19,"column":24}}}},"statementMap":{"1":{"start":{"line":2,"column":0},"end":{"line":26,"column":2}},"2":{"start":{"line":6,"column":12},"end":{"line":6,"column":62}},"3":{"start":{"line":9,"column":12},"end":{"line":14,"column":13}},"4":{"start":{"line":10,"column":16},"end":{"line":10,"column":82}},"5":{"start":{"line":11,"column":16},"end":{"line":11,"column":55}},"6":{"start":{"line":12,"column":16},"end":{"line":12,"column":50}},"7":{"start":{"line":13,"column":16},"end":{"line":13,"column":97}},"8":{"start":{"line":17,"column":12},"end":{"line":17,"column":36}},"9":{"start":{"line":20,"column":12},"end":{"line":20,"column":62}},"10":{"start":{"line":21,"column":12},"end":{"line":23,"column":13}},"11":{"start":{"line":22,"column":16},"end":{"line":22,"column":54}}},"branchMap":{"1":{"line":9,"type":"if","locations":[{"start":{"line":9,"column":12},"end":{"line":9,"column":12}},{"start":{"line":9,"column":12},"end":{"line":9,"column":12}}]},"2":{"line":21,"type":"if","locations":[{"start":{"line":21,"column":12},"end":{"line":21,"column":12}},{"start":{"line":21,"column":12},"end":{"line":21,"column":12}}]}}},"src\\js\\_urls.js":{"path":"src\\js\\_urls.js","s":{"1":1,"2":0,"3":0,"4":0,"5":0,"6":0,"7":0,"8":0,"9":6,"10":2,"11":2,"12":2,"13":2},"b":{"1":[0,0],"2":[2,4],"3":[2,0]},"f":{"1":0,"2":0,"3":6,"4":2},"fnMap":{"1":{"name":"(anonymous_1)","line":7,"loc":{"start":{"line":7,"column":11},"end":{"line":7,"column":29}}},"2":{"name":"(anonymous_2)","line":16,"loc":{"start":{"line":16,"column":11},"end":{"line":16,"column":34}}},"3":{"name":"(anonymous_3)","line":22,"loc":{"start":{"line":22,"column":11},"end":{"line":22,"column":29}}},"4":{"name":"(anonymous_4)","line":27,"loc":{"start":{"line":27,"column":15},"end":{"line":27,"column":30}}}},"statementMap":{"1":{"start":{"line":2,"column":0},"end":{"line":33,"column":2}},"2":{"start":{"line":8,"column":4},"end":{"line":8,"column":48}},"3":{"start":{"line":9,"column":4},"end":{"line":9,"column":50}},"4":{"start":{"line":10,"column":4},"end":{"line":10,"column":53}},"5":{"start":{"line":11,"column":4},"end":{"line":11,"column":70}},"6":{"start":{"line":12,"column":4},"end":{"line":12,"column":43}},"7":{"start":{"line":13,"column":4},"end":{"line":13,"column":15}},"8":{"start":{"line":17,"column":4},"end":{"line":17,"column":49}},"9":{"start":{"line":23,"column":2},"end":{"line":25,"column":3}},"10":{"start":{"line":24,"column":3},"end":{"line":24,"column":67}},"11":{"start":{"line":28,"column":5},"end":{"line":28,"column":63}},"12":{"start":{"line":29,"column":5},"end":{"line":30,"column":47}},"13":{"start":{"line":31,"column":5},"end":{"line":31,"column":87}}},"branchMap":{"1":{"line":11,"type":"binary-expr","locations":[{"start":{"line":11,"column":23},"end":{"line":11,"column":39}},{"start":{"line":11,"column":43},"end":{"line":11,"column":68}}]},"2":{"line":23,"type":"if","locations":[{"start":{"line":23,"column":2},"end":{"line":23,"column":2}},{"start":{"line":23,"column":2},"end":{"line":23,"column":2}}]},"3":{"line":31,"type":"cond-expr","locations":[{"start":{"line":31,"column":31},"end":{"line":31,"column":33}},{"start":{"line":31,"column":36},"end":{"line":31,"column":86}}]}}},"src\\js\\main-address.js":{"path":"src\\js\\main-address.js","s":{"1":1,"2":6,"3":6,"4":6,"5":6,"6":6,"7":6,"8":6,"9":6,"10":6,"11":6,"12":6,"13":6,"14":6,"15":6,"16":6,"17":6,"18":6,"19":6,"20":2,"21":2,"22":2,"23":4,"24":4,"25":0,"26":0,"27":0,"28":0,"29":0,"30":0,"31":0,"32":6,"33":0,"34":0,"35":0,"36":0,"37":0,"38":0,"39":0,"40":0,"41":0,"42":0,"43":0,"44":0,"45":0,"46":0,"47":0,"48":0,"49":0,"50":0,"51":0,"52":6,"53":4,"54":4,"55":4,"56":6,"57":4,"58":6,"59":4,"60":6,"61":0,"62":0,"63":0,"64":0,"65":6,"66":0,"67":0,"68":0,"69":0,"70":0,"71":0,"72":0,"73":0,"74":0,"75":0,"76":0,"77":0,"78":0,"79":0,"80":0,"81":0,"82":0,"83":0,"84":0,"85":0,"86":0,"87":0,"88":0,"89":0,"90":0,"91":0,"92":0,"93":0,"94":0,"95":0,"96":0,"97":0,"98":0,"99":0,"100":0,"101":0,"102":0,"103":0,"104":0,"105":0,"106":0,"107":0,"108":0,"109":0,"110":0,"111":0,"112":0,"113":0,"114":0,"115":0,"116":0,"117":0,"118":0,"119":0,"120":0,"121":0,"122":0,"123":0,"124":0,"125":0,"126":0,"127":0,"128":0,"129":0,"130":0,"131":0,"132":0,"133":0,"134":0,"135":0,"136":0,"137":0,"138":0,"139":0,"140":0,"141":0,"142":0,"143":0,"144":0,"145":0,"146":0,"147":0,"148":0,"149":0,"150":0,"151":0,"152":0,"153":0,"154":0,"155":0,"156":0,"157":0,"158":0,"159":0,"160":0,"161":0,"162":0,"163":0,"164":6,"165":0,"166":0,"167":0,"168":0,"169":0,"170":0,"171":0,"172":0,"173":0,"174":0,"175":0,"176":0,"177":0,"178":0,"179":0,"180":0,"181":0,"182":0,"183":0,"184":0,"185":0,"186":0,"187":0,"188":0,"189":0,"190":0,"191":0,"192":0,"193":0,"194":0,"195":0,"196":0,"197":0,"198":0,"199":0,"200":0,"201":0,"202":0,"203":0,"204":0,"205":0,"206":0,"207":0,"208":0,"209":0,"210":0,"211":0,"212":0,"213":0,"214":0,"215":0,"216":0,"217":0,"218":0,"219":0,"220":0,"221":0,"222":0,"223":0,"224":0,"225":0,"226":0,"227":0,"228":0,"229":0,"230":0,"231":6,"232":0,"233":0,"234":0,"235":0,"236":0,"237":0,"238":6,"239":0,"240":0,"241":0,"242":0,"243":0,"244":0,"245":0,"246":0,"247":0,"248":0,"249":0,"250":0,"251":0,"252":0,"253":6,"254":0,"255":0,"256":0,"257":0,"258":0,"259":0,"260":0,"261":6,"262":0,"263":0,"264":0,"265":0,"266":0,"267":0,"268":0,"269":6,"270":0,"271":0,"272":0,"273":0,"274":0,"275":0,"276":0,"277":0,"278":0,"279":0,"280":0,"281":0,"282":0,"283":0,"284":0,"285":0,"286":6,"287":6},"b":{"1":[6,0],"2":[6,6],"3":[6,6],"4":[6,6],"5":[6,6],"6":[6,6],"7":[6,5],"8":[2,4],"9":[0,4],"10":[0,0],"11":[0,0],"12":[0,0],"13":[0,0,0],"14":[0,0],"15":[0,0],"16":[0,0],"17":[4,0],"18":[4,2,1,1,0],"19":[0,0],"20":[0,0],"21":[0,0],"22":[0,0],"23":[0,0],"24":[0,0],"25":[0,0],"26":[0,0],"27":[0,0],"28":[0,0],"29":[0,0],"30":[0,0],"31":[0,0],"32":[0,0],"33":[0,0],"34":[0,0],"35":[0,0],"36":[0,0],"37":[0,0],"38":[0,0],"39":[0,0],"40":[0,0],"41":[0,0],"42":[0,0],"43":[0,0],"44":[0,0],"45":[0,0],"46":[0,0],"47":[0,0],"48":[0,0],"49":[0,0],"50":[0,0],"51":[0,0],"52":[0,0],"53":[0,0],"54":[0,0]},"f":{"1":6,"2":6,"3":0,"4":0,"5":4,"6":4,"7":4,"8":0,"9":0,"10":0,"11":0,"12":0,"13":0,"14":0,"15":0,"16":0,"17":0,"18":0,"19":0,"20":0,"21":0,"22":0,"23":0,"24":0,"25":0,"26":0,"27":0,"28":0,"29":0,"30":0,"31":0,"32":0,"33":0,"34":0,"35":0,"36":0,"37":0,"38":0,"39":0,"40":0,"41":0},"fnMap":{"1":{"name":"(anonymous_1)","line":2,"loc":{"start":{"line":2,"column":30},"end":{"line":2,"column":47}}},"2":{"name":"(anonymous_2)","line":25,"loc":{"start":{"line":25,"column":17},"end":{"line":25,"column":27}}},"3":{"name":"(anonymous_3)","line":47,"loc":{"start":{"line":47,"column":56},"end":{"line":47,"column":71}}},"4":{"name":"(anonymous_4)","line":55,"loc":{"start":{"line":55,"column":19},"end":{"line":55,"column":34}}},"5":{"name":"(anonymous_5)","line":100,"loc":{"start":{"line":100,"column":27},"end":{"line":100,"column":37}}},"6":{"name":"(anonymous_6)","line":110,"loc":{"start":{"line":110,"column":22},"end":{"line":110,"column":32}}},"7":{"name":"(anonymous_7)","line":121,"loc":{"start":{"line":121,"column":34},"end":{"line":121,"column":44}}},"8":{"name":"(anonymous_8)","line":128,"loc":{"start":{"line":128,"column":19},"end":{"line":128,"column":32}}},"9":{"name":"(anonymous_9)","line":148,"loc":{"start":{"line":148,"column":8},"end":{"line":148,"column":23}}},"10":{"name":"(anonymous_10)","line":175,"loc":{"start":{"line":175,"column":36},"end":{"line":175,"column":50}}},"11":{"name":"(anonymous_11)","line":189,"loc":{"start":{"line":189,"column":8},"end":{"line":189,"column":18}}},"12":{"name":"(anonymous_12)","line":202,"loc":{"start":{"line":202,"column":11},"end":{"line":202,"column":21}}},"13":{"name":"(anonymous_13)","line":214,"loc":{"start":{"line":214,"column":12},"end":{"line":214,"column":22}}},"14":{"name":"(anonymous_14)","line":221,"loc":{"start":{"line":221,"column":10},"end":{"line":221,"column":20}}},"15":{"name":"(anonymous_15)","line":257,"loc":{"start":{"line":257,"column":14},"end":{"line":257,"column":24}}},"16":{"name":"(anonymous_16)","line":267,"loc":{"start":{"line":267,"column":18},"end":{"line":267,"column":32}}},"17":{"name":"(anonymous_17)","line":276,"loc":{"start":{"line":276,"column":17},"end":{"line":276,"column":29}}},"18":{"name":"(anonymous_18)","line":280,"loc":{"start":{"line":280,"column":9},"end":{"line":280,"column":20}}},"19":{"name":"(anonymous_19)","line":346,"loc":{"start":{"line":346,"column":23},"end":{"line":346,"column":37}}},"20":{"name":"(anonymous_20)","line":358,"loc":{"start":{"line":358,"column":10},"end":{"line":358,"column":23}}},"21":{"name":"(anonymous_21)","line":361,"loc":{"start":{"line":361,"column":14},"end":{"line":361,"column":24}}},"22":{"name":"(anonymous_22)","line":367,"loc":{"start":{"line":367,"column":8},"end":{"line":367,"column":22}}},"23":{"name":"(anonymous_23)","line":378,"loc":{"start":{"line":378,"column":8},"end":{"line":378,"column":22}}},"24":{"name":"(anonymous_24)","line":424,"loc":{"start":{"line":424,"column":8},"end":{"line":424,"column":18}}},"25":{"name":"(anonymous_25)","line":431,"loc":{"start":{"line":431,"column":35},"end":{"line":431,"column":45}}},"26":{"name":"(anonymous_26)","line":446,"loc":{"start":{"line":446,"column":10},"end":{"line":446,"column":30}}},"27":{"name":"(anonymous_27)","line":466,"loc":{"start":{"line":466,"column":8},"end":{"line":466,"column":23}}},"28":{"name":"(anonymous_28)","line":474,"loc":{"start":{"line":474,"column":25},"end":{"line":474,"column":35}}},"29":{"name":"(anonymous_29)","line":485,"loc":{"start":{"line":485,"column":25},"end":{"line":485,"column":35}}},"30":{"name":"(anonymous_30)","line":495,"loc":{"start":{"line":495,"column":23},"end":{"line":495,"column":38}}},"31":{"name":"(anonymous_31)","line":513,"loc":{"start":{"line":513,"column":19},"end":{"line":513,"column":39}}},"32":{"name":"(anonymous_32)","line":523,"loc":{"start":{"line":523,"column":29},"end":{"line":523,"column":44}}},"33":{"name":"(anonymous_33)","line":536,"loc":{"start":{"line":536,"column":8},"end":{"line":536,"column":18}}},"34":{"name":"(anonymous_34)","line":555,"loc":{"start":{"line":555,"column":8},"end":{"line":555,"column":18}}},"35":{"name":"(anonymous_35)","line":568,"loc":{"start":{"line":568,"column":18},"end":{"line":568,"column":33}}},"36":{"name":"(anonymous_36)","line":586,"loc":{"start":{"line":586,"column":25},"end":{"line":586,"column":35}}},"37":{"name":"(anonymous_37)","line":593,"loc":{"start":{"line":593,"column":35},"end":{"line":593,"column":45}}},"38":{"name":"(anonymous_38)","line":604,"loc":{"start":{"line":604,"column":7},"end":{"line":604,"column":30}}},"39":{"name":"(anonymous_39)","line":609,"loc":{"start":{"line":609,"column":44},"end":{"line":609,"column":55}}},"40":{"name":"(anonymous_40)","line":627,"loc":{"start":{"line":627,"column":45},"end":{"line":627,"column":56}}},"41":{"name":"(anonymous_41)","line":633,"loc":{"start":{"line":633,"column":47},"end":{"line":633,"column":58}}}},"statementMap":{"1":{"start":{"line":2,"column":0},"end":{"line":648,"column":2}},"2":{"start":{"line":4,"column":1},"end":{"line":4,"column":30}},"3":{"start":{"line":7,"column":1},"end":{"line":7,"column":25}},"4":{"start":{"line":8,"column":1},"end":{"line":8,"column":86}},"5":{"start":{"line":9,"column":1},"end":{"line":9,"column":30}},"6":{"start":{"line":10,"column":1},"end":{"line":10,"column":33}},"7":{"start":{"line":11,"column":1},"end":{"line":11,"column":31}},"8":{"start":{"line":12,"column":1},"end":{"line":12,"column":34}},"9":{"start":{"line":13,"column":1},"end":{"line":13,"column":32}},"10":{"start":{"line":14,"column":1},"end":{"line":14,"column":32}},"11":{"start":{"line":15,"column":1},"end":{"line":15,"column":107}},"12":{"start":{"line":16,"column":1},"end":{"line":16,"column":101}},"13":{"start":{"line":17,"column":1},"end":{"line":17,"column":101}},"14":{"start":{"line":18,"column":1},"end":{"line":18,"column":104}},"15":{"start":{"line":19,"column":1},"end":{"line":19,"column":45}},"16":{"start":{"line":22,"column":1},"end":{"line":22,"column":58}},"17":{"start":{"line":25,"column":1},"end":{"line":53,"column":3}},"18":{"start":{"line":27,"column":2},"end":{"line":27,"column":46}},"19":{"start":{"line":28,"column":2},"end":{"line":34,"column":3}},"20":{"start":{"line":30,"column":3},"end":{"line":30,"column":28}},"21":{"start":{"line":32,"column":3},"end":{"line":32,"column":169}},"22":{"start":{"line":33,"column":3},"end":{"line":33,"column":10}},"23":{"start":{"line":36,"column":2},"end":{"line":36,"column":28}},"24":{"start":{"line":38,"column":2},"end":{"line":52,"column":3}},"25":{"start":{"line":39,"column":3},"end":{"line":39,"column":44}},"26":{"start":{"line":41,"column":3},"end":{"line":41,"column":61}},"27":{"start":{"line":43,"column":3},"end":{"line":43,"column":72}},"28":{"start":{"line":45,"column":3},"end":{"line":45,"column":65}},"29":{"start":{"line":47,"column":3},"end":{"line":49,"column":6}},"30":{"start":{"line":48,"column":7},"end":{"line":48,"column":30}},"31":{"start":{"line":51,"column":3},"end":{"line":51,"column":26}},"32":{"start":{"line":55,"column":1},"end":{"line":98,"column":3}},"33":{"start":{"line":57,"column":2},"end":{"line":57,"column":32}},"34":{"start":{"line":58,"column":8},"end":{"line":58,"column":33}},"35":{"start":{"line":59,"column":8},"end":{"line":62,"column":9}},"36":{"start":{"line":60,"column":12},"end":{"line":60,"column":39}},"37":{"start":{"line":61,"column":12},"end":{"line":61,"column":19}},"38":{"start":{"line":64,"column":2},"end":{"line":64,"column":52}},"39":{"start":{"line":65,"column":2},"end":{"line":65,"column":59}},"40":{"start":{"line":68,"column":2},"end":{"line":97,"column":3}},"41":{"start":{"line":70,"column":3},"end":{"line":72,"column":4}},"42":{"start":{"line":71,"column":4},"end":{"line":71,"column":44}},"43":{"start":{"line":75,"column":3},"end":{"line":75,"column":69}},"44":{"start":{"line":78,"column":3},"end":{"line":78,"column":73}},"45":{"start":{"line":81,"column":3},"end":{"line":81,"column":56}},"46":{"start":{"line":84,"column":3},"end":{"line":84,"column":26}},"47":{"start":{"line":87,"column":3},"end":{"line":87,"column":33}},"48":{"start":{"line":90,"column":3},"end":{"line":90,"column":33}},"49":{"start":{"line":93,"column":3},"end":{"line":93,"column":53}},"50":{"start":{"line":94,"column":9},"end":{"line":97,"column":3}},"51":{"start":{"line":96,"column":3},"end":{"line":96,"column":28}},"52":{"start":{"line":100,"column":1},"end":{"line":107,"column":3}},"53":{"start":{"line":101,"column":2},"end":{"line":101,"column":55}},"54":{"start":{"line":104,"column":2},"end":{"line":106,"column":3}},"55":{"start":{"line":105,"column":3},"end":{"line":105,"column":36}},"56":{"start":{"line":110,"column":1},"end":{"line":119,"column":3}},"57":{"start":{"line":112,"column":2},"end":{"line":118,"column":83}},"58":{"start":{"line":121,"column":1},"end":{"line":125,"column":3}},"59":{"start":{"line":124,"column":2},"end":{"line":124,"column":28}},"60":{"start":{"line":128,"column":1},"end":{"line":140,"column":3}},"61":{"start":{"line":130,"column":2},"end":{"line":130,"column":56}},"62":{"start":{"line":133,"column":2},"end":{"line":133,"column":32}},"63":{"start":{"line":136,"column":2},"end":{"line":136,"column":95}},"64":{"start":{"line":139,"column":2},"end":{"line":139,"column":72}},"65":{"start":{"line":142,"column":1},"end":{"line":374,"column":3}},"66":{"start":{"line":150,"column":3},"end":{"line":150,"column":43}},"67":{"start":{"line":153,"column":3},"end":{"line":153,"column":59}},"68":{"start":{"line":156,"column":3},"end":{"line":156,"column":95}},"69":{"start":{"line":159,"column":3},"end":{"line":159,"column":46}},"70":{"start":{"line":162,"column":3},"end":{"line":162,"column":37}},"71":{"start":{"line":165,"column":3},"end":{"line":165,"column":33}},"72":{"start":{"line":168,"column":3},"end":{"line":168,"column":141}},"73":{"start":{"line":170,"column":3},"end":{"line":186,"column":4}},"74":{"start":{"line":172,"column":4},"end":{"line":172,"column":76}},"75":{"start":{"line":175,"column":4},"end":{"line":182,"column":7}},"76":{"start":{"line":177,"column":5},"end":{"line":177,"column":59}},"77":{"start":{"line":178,"column":5},"end":{"line":178,"column":55}},"78":{"start":{"line":181,"column":5},"end":{"line":181,"column":40}},"79":{"start":{"line":185,"column":4},"end":{"line":185,"column":52}},"80":{"start":{"line":191,"column":3},"end":{"line":191,"column":40}},"81":{"start":{"line":193,"column":3},"end":{"line":193,"column":49}},"82":{"start":{"line":195,"column":3},"end":{"line":198,"column":4}},"83":{"start":{"line":196,"column":4},"end":{"line":196,"column":71}},"84":{"start":{"line":197,"column":4},"end":{"line":197,"column":44}},"85":{"start":{"line":203,"column":4},"end":{"line":206,"column":6}},"86":{"start":{"line":207,"column":4},"end":{"line":207,"column":58}},"87":{"start":{"line":208,"column":4},"end":{"line":208,"column":50}},"88":{"start":{"line":209,"column":4},"end":{"line":209,"column":107}},"89":{"start":{"line":210,"column":4},"end":{"line":210,"column":82}},"90":{"start":{"line":211,"column":4},"end":{"line":211,"column":20}},"91":{"start":{"line":215,"column":4},"end":{"line":218,"column":5}},"92":{"start":{"line":216,"column":5},"end":{"line":216,"column":101}},"93":{"start":{"line":217,"column":5},"end":{"line":217,"column":61}},"94":{"start":{"line":222,"column":4},"end":{"line":224,"column":6}},"95":{"start":{"line":226,"column":4},"end":{"line":250,"column":5}},"96":{"start":{"line":228,"column":5},"end":{"line":228,"column":55}},"97":{"start":{"line":229,"column":5},"end":{"line":236,"column":6}},"98":{"start":{"line":230,"column":6},"end":{"line":235,"column":7}},"99":{"start":{"line":231,"column":7},"end":{"line":231,"column":41}},"100":{"start":{"line":232,"column":7},"end":{"line":232,"column":27}},"101":{"start":{"line":233,"column":7},"end":{"line":233,"column":34}},"102":{"start":{"line":234,"column":7},"end":{"line":234,"column":42}},"103":{"start":{"line":239,"column":5},"end":{"line":239,"column":22}},"104":{"start":{"line":240,"column":5},"end":{"line":240,"column":57}},"105":{"start":{"line":241,"column":5},"end":{"line":249,"column":6}},"106":{"start":{"line":242,"column":6},"end":{"line":242,"column":58}},"107":{"start":{"line":243,"column":6},"end":{"line":248,"column":7}},"108":{"start":{"line":244,"column":7},"end":{"line":244,"column":42}},"109":{"start":{"line":245,"column":7},"end":{"line":245,"column":28}},"110":{"start":{"line":246,"column":7},"end":{"line":246,"column":30}},"111":{"start":{"line":247,"column":7},"end":{"line":247,"column":43}},"112":{"start":{"line":252,"column":4},"end":{"line":252,"column":36}},"113":{"start":{"line":253,"column":4},"end":{"line":253,"column":42}},"114":{"start":{"line":258,"column":3},"end":{"line":258,"column":44}},"115":{"start":{"line":259,"column":3},"end":{"line":259,"column":42}},"116":{"start":{"line":261,"column":3},"end":{"line":261,"column":76}},"117":{"start":{"line":263,"column":3},"end":{"line":263,"column":61}},"118":{"start":{"line":264,"column":3},"end":{"line":264,"column":15}},"119":{"start":{"line":268,"column":3},"end":{"line":268,"column":43}},"120":{"start":{"line":269,"column":3},"end":{"line":269,"column":63}},"121":{"start":{"line":271,"column":3},"end":{"line":271,"column":43}},"122":{"start":{"line":272,"column":3},"end":{"line":272,"column":14}},"123":{"start":{"line":277,"column":9},"end":{"line":277,"column":41}},"124":{"start":{"line":281,"column":3},"end":{"line":283,"column":13}},"125":{"start":{"line":282,"column":13},"end":{"line":282,"column":20}},"126":{"start":{"line":285,"column":12},"end":{"line":288,"column":13}},"127":{"start":{"line":286,"column":16},"end":{"line":286,"column":47}},"128":{"start":{"line":287,"column":16},"end":{"line":287,"column":23}},"129":{"start":{"line":291,"column":12},"end":{"line":292,"column":42}},"130":{"start":{"line":295,"column":12},"end":{"line":300,"column":13}},"131":{"start":{"line":296,"column":16},"end":{"line":296,"column":45}},"132":{"start":{"line":299,"column":16},"end":{"line":299,"column":45}},"133":{"start":{"line":303,"column":12},"end":{"line":306,"column":13}},"134":{"start":{"line":304,"column":16},"end":{"line":304,"column":66}},"135":{"start":{"line":305,"column":16},"end":{"line":305,"column":35}},"136":{"start":{"line":307,"column":12},"end":{"line":310,"column":13}},"137":{"start":{"line":308,"column":16},"end":{"line":308,"column":47}},"138":{"start":{"line":309,"column":16},"end":{"line":309,"column":36}},"139":{"start":{"line":313,"column":9},"end":{"line":313,"column":74}},"140":{"start":{"line":315,"column":9},"end":{"line":315,"column":92}},"141":{"start":{"line":316,"column":9},"end":{"line":318,"column":10}},"142":{"start":{"line":317,"column":10},"end":{"line":317,"column":61}},"143":{"start":{"line":319,"column":9},"end":{"line":319,"column":56}},"144":{"start":{"line":321,"column":3},"end":{"line":321,"column":56}},"145":{"start":{"line":324,"column":12},"end":{"line":331,"column":14}},"146":{"start":{"line":332,"column":12},"end":{"line":343,"column":13}},"147":{"start":{"line":333,"column":16},"end":{"line":333,"column":58}},"148":{"start":{"line":335,"column":17},"end":{"line":343,"column":13}},"149":{"start":{"line":336,"column":16},"end":{"line":336,"column":60}},"150":{"start":{"line":338,"column":17},"end":{"line":343,"column":13}},"151":{"start":{"line":339,"column":16},"end":{"line":339,"column":117}},"152":{"start":{"line":341,"column":17},"end":{"line":343,"column":13}},"153":{"start":{"line":342,"column":16},"end":{"line":342,"column":117}},"154":{"start":{"line":347,"column":3},"end":{"line":348,"column":37}},"155":{"start":{"line":350,"column":12},"end":{"line":353,"column":13}},"156":{"start":{"line":351,"column":16},"end":{"line":351,"column":103}},"157":{"start":{"line":352,"column":16},"end":{"line":352,"column":111}},"158":{"start":{"line":355,"column":12},"end":{"line":355,"column":25}},"159":{"start":{"line":359,"column":3},"end":{"line":359,"column":73}},"160":{"start":{"line":362,"column":3},"end":{"line":364,"column":4}},"161":{"start":{"line":363,"column":4},"end":{"line":363,"column":58}},"162":{"start":{"line":369,"column":3},"end":{"line":369,"column":60}},"163":{"start":{"line":372,"column":3},"end":{"line":372,"column":48}},"164":{"start":{"line":376,"column":1},"end":{"line":520,"column":3}},"165":{"start":{"line":380,"column":3},"end":{"line":380,"column":33}},"166":{"start":{"line":383,"column":3},"end":{"line":383,"column":28}},"167":{"start":{"line":386,"column":3},"end":{"line":386,"column":29}},"168":{"start":{"line":388,"column":3},"end":{"line":422,"column":4}},"169":{"start":{"line":390,"column":4},"end":{"line":390,"column":60}},"170":{"start":{"line":393,"column":4},"end":{"line":393,"column":127}},"171":{"start":{"line":396,"column":4},"end":{"line":396,"column":24}},"172":{"start":{"line":399,"column":4},"end":{"line":412,"column":5}},"173":{"start":{"line":400,"column":5},"end":{"line":400,"column":32}},"174":{"start":{"line":402,"column":5},"end":{"line":411,"column":6}},"175":{"start":{"line":403,"column":6},"end":{"line":410,"column":7}},"176":{"start":{"line":405,"column":7},"end":{"line":405,"column":66}},"177":{"start":{"line":406,"column":7},"end":{"line":406,"column":57}},"178":{"start":{"line":409,"column":7},"end":{"line":409,"column":80}},"179":{"start":{"line":415,"column":4},"end":{"line":415,"column":48}},"180":{"start":{"line":418,"column":4},"end":{"line":418,"column":44}},"181":{"start":{"line":421,"column":4},"end":{"line":421,"column":44}},"182":{"start":{"line":425,"column":3},"end":{"line":428,"column":4}},"183":{"start":{"line":426,"column":4},"end":{"line":426,"column":76}},"184":{"start":{"line":427,"column":4},"end":{"line":427,"column":49}},"185":{"start":{"line":432,"column":3},"end":{"line":432,"column":49}},"186":{"start":{"line":433,"column":3},"end":{"line":433,"column":48}},"187":{"start":{"line":435,"column":3},"end":{"line":439,"column":4}},"188":{"start":{"line":436,"column":4},"end":{"line":436,"column":80}},"189":{"start":{"line":437,"column":4},"end":{"line":437,"column":62}},"190":{"start":{"line":438,"column":4},"end":{"line":438,"column":35}},"191":{"start":{"line":441,"column":3},"end":{"line":441,"column":81}},"192":{"start":{"line":442,"column":3},"end":{"line":442,"column":20}},"193":{"start":{"line":448,"column":4},"end":{"line":448,"column":45}},"194":{"start":{"line":449,"column":4},"end":{"line":449,"column":32}},"195":{"start":{"line":450,"column":4},"end":{"line":450,"column":44}},"196":{"start":{"line":453,"column":4},"end":{"line":453,"column":48}},"197":{"start":{"line":454,"column":4},"end":{"line":454,"column":26}},"198":{"start":{"line":455,"column":4},"end":{"line":455,"column":27}},"199":{"start":{"line":458,"column":4},"end":{"line":458,"column":48}},"200":{"start":{"line":459,"column":4},"end":{"line":459,"column":39}},"201":{"start":{"line":460,"column":4},"end":{"line":460,"column":36}},"202":{"start":{"line":461,"column":4},"end":{"line":461,"column":39}},"203":{"start":{"line":462,"column":4},"end":{"line":462,"column":27}},"204":{"start":{"line":463,"column":4},"end":{"line":463,"column":15}},"205":{"start":{"line":467,"column":4},"end":{"line":467,"column":44}},"206":{"start":{"line":468,"column":4},"end":{"line":468,"column":32}},"207":{"start":{"line":469,"column":4},"end":{"line":469,"column":26}},"208":{"start":{"line":470,"column":4},"end":{"line":470,"column":15}},"209":{"start":{"line":475,"column":3},"end":{"line":475,"column":42}},"210":{"start":{"line":476,"column":3},"end":{"line":476,"column":34}},"211":{"start":{"line":477,"column":3},"end":{"line":477,"column":43}},"212":{"start":{"line":478,"column":3},"end":{"line":478,"column":45}},"213":{"start":{"line":480,"column":3},"end":{"line":480,"column":54}},"214":{"start":{"line":482,"column":3},"end":{"line":482,"column":71}},"215":{"start":{"line":486,"column":3},"end":{"line":486,"column":42}},"216":{"start":{"line":487,"column":3},"end":{"line":487,"column":34}},"217":{"start":{"line":488,"column":3},"end":{"line":488,"column":43}},"218":{"start":{"line":489,"column":3},"end":{"line":489,"column":45}},"219":{"start":{"line":491,"column":3},"end":{"line":491,"column":54}},"220":{"start":{"line":493,"column":3},"end":{"line":493,"column":50}},"221":{"start":{"line":496,"column":3},"end":{"line":498,"column":4}},"222":{"start":{"line":497,"column":4},"end":{"line":497,"column":27}},"223":{"start":{"line":501,"column":3},"end":{"line":501,"column":96}},"224":{"start":{"line":504,"column":3},"end":{"line":504,"column":63}},"225":{"start":{"line":507,"column":3},"end":{"line":507,"column":100}},"226":{"start":{"line":508,"column":3},"end":{"line":510,"column":4}},"227":{"start":{"line":509,"column":5},"end":{"line":509,"column":53}},"228":{"start":{"line":514,"column":3},"end":{"line":518,"column":4}},"229":{"start":{"line":515,"column":4},"end":{"line":517,"column":5}},"230":{"start":{"line":516,"column":5},"end":{"line":516,"column":65}},"231":{"start":{"line":523,"column":1},"end":{"line":533,"column":3}},"232":{"start":{"line":524,"column":2},"end":{"line":524,"column":28}},"233":{"start":{"line":525,"column":2},"end":{"line":525,"column":51}},"234":{"start":{"line":526,"column":2},"end":{"line":532,"column":3}},"235":{"start":{"line":527,"column":3},"end":{"line":531,"column":4}},"236":{"start":{"line":528,"column":4},"end":{"line":528,"column":43}},"237":{"start":{"line":530,"column":4},"end":{"line":530,"column":40}},"238":{"start":{"line":535,"column":1},"end":{"line":565,"column":3}},"239":{"start":{"line":538,"column":3},"end":{"line":540,"column":4}},"240":{"start":{"line":539,"column":4},"end":{"line":539,"column":11}},"241":{"start":{"line":542,"column":6},"end":{"line":542,"column":59}},"242":{"start":{"line":543,"column":6},"end":{"line":543,"column":47}},"243":{"start":{"line":544,"column":6},"end":{"line":544,"column":54}},"244":{"start":{"line":547,"column":3},"end":{"line":547,"column":47}},"245":{"start":{"line":548,"column":3},"end":{"line":548,"column":36}},"246":{"start":{"line":549,"column":3},"end":{"line":549,"column":41}},"247":{"start":{"line":552,"column":3},"end":{"line":552,"column":88}},"248":{"start":{"line":557,"column":3},"end":{"line":559,"column":4}},"249":{"start":{"line":558,"column":4},"end":{"line":558,"column":11}},"250":{"start":{"line":560,"column":3},"end":{"line":560,"column":75}},"251":{"start":{"line":561,"column":3},"end":{"line":563,"column":4}},"252":{"start":{"line":562,"column":4},"end":{"line":562,"column":51}},"253":{"start":{"line":568,"column":1},"end":{"line":583,"column":3}},"254":{"start":{"line":569,"column":2},"end":{"line":571,"column":3}},"255":{"start":{"line":570,"column":3},"end":{"line":570,"column":26}},"256":{"start":{"line":573,"column":2},"end":{"line":573,"column":26}},"257":{"start":{"line":575,"column":2},"end":{"line":575,"column":25}},"258":{"start":{"line":577,"column":2},"end":{"line":577,"column":55}},"259":{"start":{"line":579,"column":2},"end":{"line":579,"column":25}},"260":{"start":{"line":582,"column":2},"end":{"line":582,"column":40}},"261":{"start":{"line":586,"column":1},"end":{"line":599,"column":3}},"262":{"start":{"line":587,"column":2},"end":{"line":587,"column":27}},"263":{"start":{"line":590,"column":2},"end":{"line":590,"column":48}},"264":{"start":{"line":591,"column":2},"end":{"line":591,"column":30}},"265":{"start":{"line":592,"column":2},"end":{"line":592,"column":77}},"266":{"start":{"line":593,"column":2},"end":{"line":598,"column":5}},"267":{"start":{"line":595,"column":3},"end":{"line":595,"column":47}},"268":{"start":{"line":597,"column":3},"end":{"line":597,"column":49}},"269":{"start":{"line":602,"column":1},"end":{"line":641,"column":3}},"270":{"start":{"line":605,"column":3},"end":{"line":605,"column":58}},"271":{"start":{"line":606,"column":3},"end":{"line":606,"column":58}},"272":{"start":{"line":607,"column":3},"end":{"line":607,"column":50}},"273":{"start":{"line":609,"column":3},"end":{"line":625,"column":5}},"274":{"start":{"line":610,"column":5},"end":{"line":624,"column":6}},"275":{"start":{"line":612,"column":7},"end":{"line":612,"column":75}},"276":{"start":{"line":613,"column":7},"end":{"line":613,"column":22}},"277":{"start":{"line":616,"column":4},"end":{"line":616,"column":34}},"278":{"start":{"line":619,"column":4},"end":{"line":623,"column":5}},"279":{"start":{"line":620,"column":5},"end":{"line":620,"column":29}},"280":{"start":{"line":622,"column":5},"end":{"line":622,"column":177}},"281":{"start":{"line":627,"column":3},"end":{"line":631,"column":5}},"282":{"start":{"line":630,"column":4},"end":{"line":630,"column":34}},"283":{"start":{"line":633,"column":3},"end":{"line":637,"column":5}},"284":{"start":{"line":636,"column":4},"end":{"line":636,"column":34}},"285":{"start":{"line":639,"column":3},"end":{"line":639,"column":42}},"286":{"start":{"line":644,"column":1},"end":{"line":644,"column":17}},"287":{"start":{"line":647,"column":1},"end":{"line":647,"column":17}}},"branchMap":{"1":{"line":4,"type":"binary-expr","locations":[{"start":{"line":4,"column":16},"end":{"line":4,"column":23}},{"start":{"line":4,"column":27},"end":{"line":4,"column":29}}]},"2":{"line":8,"type":"binary-expr","locations":[{"start":{"line":8,"column":23},"end":{"line":8,"column":42}},{"start":{"line":8,"column":46},"end":{"line":8,"column":85}}]},"3":{"line":15,"type":"binary-expr","locations":[{"start":{"line":15,"column":28},"end":{"line":15,"column":52}},{"start":{"line":15,"column":56},"end":{"line":15,"column":106}}]},"4":{"line":16,"type":"binary-expr","locations":[{"start":{"line":16,"column":28},"end":{"line":16,"column":52}},{"start":{"line":16,"column":56},"end":{"line":16,"column":100}}]},"5":{"line":17,"type":"binary-expr","locations":[{"start":{"line":17,"column":28},"end":{"line":17,"column":52}},{"start":{"line":17,"column":56},"end":{"line":17,"column":100}}]},"6":{"line":18,"type":"binary-expr","locations":[{"start":{"line":18,"column":29},"end":{"line":18,"column":54}},{"start":{"line":18,"column":58},"end":{"line":18,"column":103}}]},"7":{"line":19,"type":"binary-expr","locations":[{"start":{"line":19,"column":21},"end":{"line":19,"column":38}},{"start":{"line":19,"column":42},"end":{"line":19,"column":44}}]},"8":{"line":28,"type":"if","locations":[{"start":{"line":28,"column":2},"end":{"line":28,"column":2}},{"start":{"line":28,"column":2},"end":{"line":28,"column":2}}]},"9":{"line":38,"type":"if","locations":[{"start":{"line":38,"column":2},"end":{"line":38,"column":2}},{"start":{"line":38,"column":2},"end":{"line":38,"column":2}}]},"10":{"line":57,"type":"binary-expr","locations":[{"start":{"line":57,"column":10},"end":{"line":57,"column":15}},{"start":{"line":57,"column":19},"end":{"line":57,"column":31}}]},"11":{"line":58,"type":"binary-expr","locations":[{"start":{"line":58,"column":12},"end":{"line":58,"column":19}},{"start":{"line":58,"column":23},"end":{"line":58,"column":32}}]},"12":{"line":59,"type":"if","locations":[{"start":{"line":59,"column":8},"end":{"line":59,"column":8}},{"start":{"line":59,"column":8},"end":{"line":59,"column":8}}]},"13":{"line":59,"type":"binary-expr","locations":[{"start":{"line":59,"column":12},"end":{"line":59,"column":20}},{"start":{"line":59,"column":30},"end":{"line":59,"column":38}},{"start":{"line":59,"column":50},"end":{"line":59,"column":58}}]},"14":{"line":68,"type":"if","locations":[{"start":{"line":68,"column":2},"end":{"line":68,"column":2}},{"start":{"line":68,"column":2},"end":{"line":68,"column":2}}]},"15":{"line":70,"type":"if","locations":[{"start":{"line":70,"column":3},"end":{"line":70,"column":3}},{"start":{"line":70,"column":3},"end":{"line":70,"column":3}}]},"16":{"line":94,"type":"if","locations":[{"start":{"line":94,"column":9},"end":{"line":94,"column":9}},{"start":{"line":94,"column":9},"end":{"line":94,"column":9}}]},"17":{"line":104,"type":"if","locations":[{"start":{"line":104,"column":2},"end":{"line":104,"column":2}},{"start":{"line":104,"column":2},"end":{"line":104,"column":2}}]},"18":{"line":112,"type":"binary-expr","locations":[{"start":{"line":112,"column":10},"end":{"line":112,"column":26}},{"start":{"line":114,"column":4},"end":{"line":114,"column":37}},{"start":{"line":116,"column":4},"end":{"line":116,"column":58}},{"start":{"line":118,"column":4},"end":{"line":118,"column":44}},{"start":{"line":118,"column":48},"end":{"line":118,"column":81}}]},"19":{"line":156,"type":"binary-expr","locations":[{"start":{"line":156,"column":33},"end":{"line":156,"column":60}},{"start":{"line":156,"column":64},"end":{"line":156,"column":94}}]},"20":{"line":168,"type":"binary-expr","locations":[{"start":{"line":168,"column":49},"end":{"line":168,"column":92}},{"start":{"line":168,"column":96},"end":{"line":168,"column":140}}]},"21":{"line":170,"type":"if","locations":[{"start":{"line":170,"column":3},"end":{"line":170,"column":3}},{"start":{"line":170,"column":3},"end":{"line":170,"column":3}}]},"22":{"line":195,"type":"if","locations":[{"start":{"line":195,"column":3},"end":{"line":195,"column":3}},{"start":{"line":195,"column":3},"end":{"line":195,"column":3}}]},"23":{"line":215,"type":"if","locations":[{"start":{"line":215,"column":4},"end":{"line":215,"column":4}},{"start":{"line":215,"column":4},"end":{"line":215,"column":4}}]},"24":{"line":226,"type":"if","locations":[{"start":{"line":226,"column":4},"end":{"line":226,"column":4}},{"start":{"line":226,"column":4},"end":{"line":226,"column":4}}]},"25":{"line":229,"type":"if","locations":[{"start":{"line":229,"column":5},"end":{"line":229,"column":5}},{"start":{"line":229,"column":5},"end":{"line":229,"column":5}}]},"26":{"line":241,"type":"if","locations":[{"start":{"line":241,"column":5},"end":{"line":241,"column":5}},{"start":{"line":241,"column":5},"end":{"line":241,"column":5}}]},"27":{"line":281,"type":"if","locations":[{"start":{"line":281,"column":3},"end":{"line":281,"column":3}},{"start":{"line":281,"column":3},"end":{"line":281,"column":3}}]},"28":{"line":285,"type":"if","locations":[{"start":{"line":285,"column":12},"end":{"line":285,"column":12}},{"start":{"line":285,"column":12},"end":{"line":285,"column":12}}]},"29":{"line":295,"type":"if","locations":[{"start":{"line":295,"column":12},"end":{"line":295,"column":12}},{"start":{"line":295,"column":12},"end":{"line":295,"column":12}}]},"30":{"line":303,"type":"if","locations":[{"start":{"line":303,"column":12},"end":{"line":303,"column":12}},{"start":{"line":303,"column":12},"end":{"line":303,"column":12}}]},"31":{"line":307,"type":"if","locations":[{"start":{"line":307,"column":12},"end":{"line":307,"column":12}},{"start":{"line":307,"column":12},"end":{"line":307,"column":12}}]},"32":{"line":316,"type":"if","locations":[{"start":{"line":316,"column":9},"end":{"line":316,"column":9}},{"start":{"line":316,"column":9},"end":{"line":316,"column":9}}]},"33":{"line":332,"type":"if","locations":[{"start":{"line":332,"column":12},"end":{"line":332,"column":12}},{"start":{"line":332,"column":12},"end":{"line":332,"column":12}}]},"34":{"line":335,"type":"if","locations":[{"start":{"line":335,"column":17},"end":{"line":335,"column":17}},{"start":{"line":335,"column":17},"end":{"line":335,"column":17}}]},"35":{"line":338,"type":"if","locations":[{"start":{"line":338,"column":17},"end":{"line":338,"column":17}},{"start":{"line":338,"column":17},"end":{"line":338,"column":17}}]},"36":{"line":341,"type":"if","locations":[{"start":{"line":341,"column":17},"end":{"line":341,"column":17}},{"start":{"line":341,"column":17},"end":{"line":341,"column":17}}]},"37":{"line":347,"type":"binary-expr","locations":[{"start":{"line":347,"column":20},"end":{"line":347,"column":32}},{"start":{"line":347,"column":36},"end":{"line":347,"column":38}}]},"38":{"line":362,"type":"if","locations":[{"start":{"line":362,"column":3},"end":{"line":362,"column":3}},{"start":{"line":362,"column":3},"end":{"line":362,"column":3}}]},"39":{"line":388,"type":"if","locations":[{"start":{"line":388,"column":3},"end":{"line":388,"column":3}},{"start":{"line":388,"column":3},"end":{"line":388,"column":3}}]},"40":{"line":393,"type":"binary-expr","locations":[{"start":{"line":393,"column":39},"end":{"line":393,"column":73}},{"start":{"line":393,"column":77},"end":{"line":393,"column":126}}]},"41":{"line":403,"type":"if","locations":[{"start":{"line":403,"column":6},"end":{"line":403,"column":6}},{"start":{"line":403,"column":6},"end":{"line":403,"column":6}}]},"42":{"line":425,"type":"if","locations":[{"start":{"line":425,"column":3},"end":{"line":425,"column":3}},{"start":{"line":425,"column":3},"end":{"line":425,"column":3}}]},"43":{"line":435,"type":"if","locations":[{"start":{"line":435,"column":3},"end":{"line":435,"column":3}},{"start":{"line":435,"column":3},"end":{"line":435,"column":3}}]},"44":{"line":496,"type":"if","locations":[{"start":{"line":496,"column":3},"end":{"line":496,"column":3}},{"start":{"line":496,"column":3},"end":{"line":496,"column":3}}]},"45":{"line":514,"type":"if","locations":[{"start":{"line":514,"column":3},"end":{"line":514,"column":3}},{"start":{"line":514,"column":3},"end":{"line":514,"column":3}}]},"46":{"line":524,"type":"binary-expr","locations":[{"start":{"line":524,"column":10},"end":{"line":524,"column":15}},{"start":{"line":524,"column":19},"end":{"line":524,"column":27}}]},"47":{"line":527,"type":"if","locations":[{"start":{"line":527,"column":3},"end":{"line":527,"column":3}},{"start":{"line":527,"column":3},"end":{"line":527,"column":3}}]},"48":{"line":538,"type":"if","locations":[{"start":{"line":538,"column":3},"end":{"line":538,"column":3}},{"start":{"line":538,"column":3},"end":{"line":538,"column":3}}]},"49":{"line":557,"type":"if","locations":[{"start":{"line":557,"column":3},"end":{"line":557,"column":3}},{"start":{"line":557,"column":3},"end":{"line":557,"column":3}}]},"50":{"line":561,"type":"if","locations":[{"start":{"line":561,"column":3},"end":{"line":561,"column":3}},{"start":{"line":561,"column":3},"end":{"line":561,"column":3}}]},"51":{"line":569,"type":"if","locations":[{"start":{"line":569,"column":2},"end":{"line":569,"column":2}},{"start":{"line":569,"column":2},"end":{"line":569,"column":2}}]},"52":{"line":610,"type":"if","locations":[{"start":{"line":610,"column":5},"end":{"line":610,"column":5}},{"start":{"line":610,"column":5},"end":{"line":610,"column":5}}]},"53":{"line":610,"type":"binary-expr","locations":[{"start":{"line":610,"column":9},"end":{"line":610,"column":54}},{"start":{"line":610,"column":58},"end":{"line":610,"column":102}}]},"54":{"line":619,"type":"if","locations":[{"start":{"line":619,"column":4},"end":{"line":619,"column":4}},{"start":{"line":619,"column":4},"end":{"line":619,"column":4}}]}}}}