TN:
SF:src\js\_scaffolding.js
FNF:0
FNH:0
DA:2,1
LF:1
LH:1
BRDA:2,1,0,1
BRDA:2,1,1,1
BRF:2
BRH:2
end_of_record
TN:
SF:src\js\_defaults.js
FNF:0
FNH:0
DA:2,1
LF:1
LH:1
BRF:0
BRH:0
end_of_record
TN:
SF:src\js\_event-factory.js
FN:2,(anonymous_1)
FN:10,(anonymous_2)
FN:18,(anonymous_3)
FNF:3
FNH:1
FNDA:6,(anonymous_1)
FNDA:0,(anonymous_2)
FNDA:0,(anonymous_3)
DA:2,1
DA:4,6
DA:7,6
DA:10,6
DA:12,0
DA:14,0
DA:18,6
DA:20,0
DA:22,0
DA:24,0
DA:27,0
DA:28,0
DA:32,0
DA:38,6
LF:14
LH:6
BRDA:12,1,0,0
BRDA:12,1,1,0
BRDA:20,2,0,0
BRDA:20,2,1,0
BRF:4
BRH:0
end_of_record
TN:
SF:src\js\_ua.js
FN:4,(anonymous_1)
FN:19,(anonymous_2)
FNF:2
FNH:1
FNDA:2,(anonymous_1)
FNDA:0,(anonymous_2)
DA:2,1
DA:6,2
DA:9,2
DA:10,1
DA:11,1
DA:12,1
DA:13,1
DA:17,2
DA:20,0
DA:21,0
DA:22,0
LF:11
LH:8
BRDA:9,1,0,1
BRDA:9,1,1,1
BRDA:21,2,0,0
BRDA:21,2,1,0
BRF:4
BRH:2
end_of_record
TN:
SF:src\js\_urls.js
FN:7,(anonymous_1)
FN:16,(anonymous_2)
FN:22,(anonymous_3)
FN:27,(anonymous_4)
FNF:4
FNH:2
FNDA:0,(anonymous_1)
FNDA:0,(anonymous_2)
FNDA:6,(anonymous_3)
FNDA:2,(anonymous_4)
DA:2,1
DA:8,0
DA:9,0
DA:10,0
DA:11,0
DA:12,0
DA:13,0
DA:17,0
DA:23,6
DA:24,2
DA:28,2
DA:29,2
DA:31,2
LF:13
LH:6
BRDA:11,1,0,0
BRDA:11,1,1,0
BRDA:23,2,0,2
BRDA:23,2,1,4
BRDA:31,3,0,2
BRDA:31,3,1,0
BRF:6
BRH:3
end_of_record
TN:
SF:src\js\main-address.js
FN:2,(anonymous_1)
FN:25,(anonymous_2)
FN:47,(anonymous_3)
FN:55,(anonymous_4)
FN:100,(anonymous_5)
FN:110,(anonymous_6)
FN:121,(anonymous_7)
FN:128,(anonymous_8)
FN:148,(anonymous_9)
FN:175,(anonymous_10)
FN:189,(anonymous_11)
FN:202,(anonymous_12)
FN:214,(anonymous_13)
FN:221,(anonymous_14)
FN:257,(anonymous_15)
FN:267,(anonymous_16)
FN:276,(anonymous_17)
FN:280,(anonymous_18)
FN:346,(anonymous_19)
FN:358,(anonymous_20)
FN:361,(anonymous_21)
FN:367,(anonymous_22)
FN:378,(anonymous_23)
FN:424,(anonymous_24)
FN:431,(anonymous_25)
FN:446,(anonymous_26)
FN:456,(anonymous_27)
FN:468,(anonymous_28)
FN:476,(anonymous_29)
FN:487,(anonymous_30)
FN:497,(anonymous_31)
FN:515,(anonymous_32)
FN:525,(anonymous_33)
FN:538,(anonymous_34)
FN:557,(anonymous_35)
FN:570,(anonymous_36)
FN:588,(anonymous_37)
FN:595,(anonymous_38)
FN:606,(anonymous_39)
FN:611,(anonymous_40)
FN:629,(anonymous_41)
FN:635,(anonymous_42)
FNF:42
FNH:5
FNDA:6,(anonymous_1)
FNDA:6,(anonymous_2)
FNDA:0,(anonymous_3)
FNDA:0,(anonymous_4)
FNDA:4,(anonymous_5)
FNDA:4,(anonymous_6)
FNDA:4,(anonymous_7)
FNDA:0,(anonymous_8)
FNDA:0,(anonymous_9)
FNDA:0,(anonymous_10)
FNDA:0,(anonymous_11)
FNDA:0,(anonymous_12)
FNDA:0,(anonymous_13)
FNDA:0,(anonymous_14)
FNDA:0,(anonymous_15)
FNDA:0,(anonymous_16)
FNDA:0,(anonymous_17)
FNDA:0,(anonymous_18)
FNDA:0,(anonymous_19)
FNDA:0,(anonymous_20)
FNDA:0,(anonymous_21)
FNDA:0,(anonymous_22)
FNDA:0,(anonymous_23)
FNDA:0,(anonymous_24)
FNDA:0,(anonymous_25)
FNDA:0,(anonymous_26)
FNDA:0,(anonymous_27)
FNDA:0,(anonymous_28)
FNDA:0,(anonymous_29)
FNDA:0,(anonymous_30)
FNDA:0,(anonymous_31)
FNDA:0,(anonymous_32)
FNDA:0,(anonymous_33)
FNDA:0,(anonymous_34)
FNDA:0,(anonymous_35)
FNDA:0,(anonymous_36)
FNDA:0,(anonymous_37)
FNDA:0,(anonymous_38)
FNDA:0,(anonymous_39)
FNDA:0,(anonymous_40)
FNDA:0,(anonymous_41)
FNDA:0,(anonymous_42)
DA:2,1
DA:4,6
DA:7,6
DA:8,6
DA:9,6
DA:10,6
DA:11,6
DA:12,6
DA:13,6
DA:14,6
DA:15,6
DA:16,6
DA:17,6
DA:18,6
DA:19,6
DA:22,6
DA:25,6
DA:27,6
DA:28,6
DA:30,2
DA:32,2
DA:33,2
DA:36,4
DA:38,4
DA:39,0
DA:41,0
DA:43,0
DA:45,0
DA:47,0
DA:48,0
DA:51,0
DA:55,6
DA:57,0
DA:58,0
DA:59,0
DA:60,0
DA:61,0
DA:64,0
DA:65,0
DA:68,0
DA:70,0
DA:71,0
DA:75,0
DA:78,0
DA:81,0
DA:84,0
DA:87,0
DA:90,0
DA:93,0
DA:94,0
DA:96,0
DA:100,6
DA:101,4
DA:104,4
DA:105,4
DA:110,6
DA:112,4
DA:121,6
DA:124,4
DA:128,6
DA:130,0
DA:133,0
DA:136,0
DA:139,0
DA:142,6
DA:150,0
DA:153,0
DA:156,0
DA:159,0
DA:162,0
DA:165,0
DA:168,0
DA:170,0
DA:172,0
DA:175,0
DA:177,0
DA:178,0
DA:181,0
DA:185,0
DA:191,0
DA:193,0
DA:195,0
DA:196,0
DA:197,0
DA:203,0
DA:207,0
DA:208,0
DA:209,0
DA:210,0
DA:211,0
DA:215,0
DA:216,0
DA:217,0
DA:222,0
DA:226,0
DA:228,0
DA:229,0
DA:230,0
DA:231,0
DA:232,0
DA:233,0
DA:234,0
DA:239,0
DA:240,0
DA:241,0
DA:242,0
DA:243,0
DA:244,0
DA:245,0
DA:246,0
DA:247,0
DA:252,0
DA:253,0
DA:258,0
DA:259,0
DA:261,0
DA:263,0
DA:264,0
DA:268,0
DA:269,0
DA:271,0
DA:272,0
DA:277,0
DA:281,0
DA:282,0
DA:285,0
DA:286,0
DA:287,0
DA:291,0
DA:295,0
DA:296,0
DA:299,0
DA:303,0
DA:304,0
DA:305,0
DA:307,0
DA:308,0
DA:309,0
DA:313,0
DA:315,0
DA:316,0
DA:317,0
DA:319,0
DA:321,0
DA:324,0
DA:332,0
DA:333,0
DA:335,0
DA:336,0
DA:338,0
DA:339,0
DA:341,0
DA:342,0
DA:347,0
DA:350,0
DA:351,0
DA:352,0
DA:355,0
DA:359,0
DA:362,0
DA:363,0
DA:369,0
DA:372,0
DA:376,6
DA:380,0
DA:383,0
DA:386,0
DA:388,0
DA:390,0
DA:393,0
DA:396,0
DA:399,0
DA:400,0
DA:402,0
DA:403,0
DA:405,0
DA:406,0
DA:409,0
DA:415,0
DA:418,0
DA:421,0
DA:425,0
DA:426,0
DA:427,0
DA:432,0
DA:433,0
DA:435,0
DA:436,0
DA:437,0
DA:438,0
DA:441,0
DA:442,0
DA:448,0
DA:449,0
DA:450,0
DA:453,0
DA:454,0
DA:456,0
DA:457,0
DA:460,0
DA:461,0
DA:462,0
DA:463,0
DA:464,0
DA:465,0
DA:469,0
DA:470,0
DA:471,0
DA:472,0
DA:477,0
DA:478,0
DA:479,0
DA:480,0
DA:482,0
DA:484,0
DA:488,0
DA:489,0
DA:490,0
DA:491,0
DA:493,0
DA:495,0
DA:498,0
DA:499,0
DA:503,0
DA:506,0
DA:509,0
DA:510,0
DA:511,0
DA:516,0
DA:517,0
DA:518,0
DA:525,6
DA:526,0
DA:527,0
DA:528,0
DA:529,0
DA:530,0
DA:532,0
DA:537,6
DA:540,0
DA:541,0
DA:544,0
DA:545,0
DA:546,0
DA:549,0
DA:550,0
DA:551,0
DA:554,0
DA:559,0
DA:560,0
DA:562,0
DA:563,0
DA:564,0
DA:570,6
DA:571,0
DA:572,0
DA:575,0
DA:577,0
DA:579,0
DA:581,0
DA:584,0
DA:588,6
DA:589,0
DA:592,0
DA:593,0
DA:594,0
DA:595,0
DA:597,0
DA:599,0
DA:604,6
DA:607,0
DA:608,0
DA:609,0
DA:611,0
DA:612,0
DA:614,0
DA:615,0
DA:618,0
DA:621,0
DA:622,0
DA:624,0
DA:629,0
DA:632,0
DA:635,0
DA:638,0
DA:641,0
DA:646,6
DA:649,6
LF:288
LH:43
BRDA:4,1,0,6
BRDA:4,1,1,0
BRDA:8,2,0,6
BRDA:8,2,1,6
BRDA:15,3,0,6
BRDA:15,3,1,6
BRDA:16,4,0,6
BRDA:16,4,1,6
BRDA:17,5,0,6
BRDA:17,5,1,6
BRDA:18,6,0,6
BRDA:18,6,1,6
BRDA:19,7,0,6
BRDA:19,7,1,5
BRDA:28,8,0,2
BRDA:28,8,1,4
BRDA:38,9,0,0
BRDA:38,9,1,4
BRDA:57,10,0,0
BRDA:57,10,1,0
BRDA:58,11,0,0
BRDA:58,11,1,0
BRDA:59,12,0,0
BRDA:59,12,1,0
BRDA:59,13,0,0
BRDA:59,13,1,0
BRDA:59,13,2,0
BRDA:68,14,0,0
BRDA:68,14,1,0
BRDA:70,15,0,0
BRDA:70,15,1,0
BRDA:94,16,0,0
BRDA:94,16,1,0
BRDA:104,17,0,4
BRDA:104,17,1,0
BRDA:112,18,0,4
BRDA:112,18,1,2
BRDA:112,18,2,1
BRDA:112,18,3,1
BRDA:112,18,4,0
BRDA:156,19,0,0
BRDA:156,19,1,0
BRDA:168,20,0,0
BRDA:168,20,1,0
BRDA:170,21,0,0
BRDA:170,21,1,0
BRDA:195,22,0,0
BRDA:195,22,1,0
BRDA:215,23,0,0
BRDA:215,23,1,0
BRDA:226,24,0,0
BRDA:226,24,1,0
BRDA:229,25,0,0
BRDA:229,25,1,0
BRDA:241,26,0,0
BRDA:241,26,1,0
BRDA:281,27,0,0
BRDA:281,27,1,0
BRDA:285,28,0,0
BRDA:285,28,1,0
BRDA:295,29,0,0
BRDA:295,29,1,0
BRDA:303,30,0,0
BRDA:303,30,1,0
BRDA:307,31,0,0
BRDA:307,31,1,0
BRDA:316,32,0,0
BRDA:316,32,1,0
BRDA:332,33,0,0
BRDA:332,33,1,0
BRDA:335,34,0,0
BRDA:335,34,1,0
BRDA:338,35,0,0
BRDA:338,35,1,0
BRDA:341,36,0,0
BRDA:341,36,1,0
BRDA:347,37,0,0
BRDA:347,37,1,0
BRDA:362,38,0,0
BRDA:362,38,1,0
BRDA:388,39,0,0
BRDA:388,39,1,0
BRDA:393,40,0,0
BRDA:393,40,1,0
BRDA:403,41,0,0
BRDA:403,41,1,0
BRDA:425,42,0,0
BRDA:425,42,1,0
BRDA:435,43,0,0
BRDA:435,43,1,0
BRDA:498,44,0,0
BRDA:498,44,1,0
BRDA:516,45,0,0
BRDA:516,45,1,0
BRDA:526,46,0,0
BRDA:526,46,1,0
BRDA:529,47,0,0
BRDA:529,47,1,0
BRDA:540,48,0,0
BRDA:540,48,1,0
BRDA:559,49,0,0
BRDA:559,49,1,0
BRDA:563,50,0,0
BRDA:563,50,1,0
BRDA:571,51,0,0
BRDA:571,51,1,0
BRDA:612,52,0,0
BRDA:612,52,1,0
BRDA:612,53,0,0
BRDA:612,53,1,0
BRDA:621,54,0,0
BRDA:621,54,1,0
BRF:112
BRH:21
end_of_record
