TN:
SF:src\js\_scaffolding.js
FNF:0
FNH:0
DA:2,1
LF:1
LH:1
BRDA:2,1,0,1
BRDA:2,1,1,1
BRF:2
BRH:2
end_of_record
TN:
SF:src\js\_defaults.js
FNF:0
FNH:0
DA:2,1
LF:1
LH:1
BRF:0
BRH:0
end_of_record
TN:
SF:src\js\_event-factory.js
FN:2,(anonymous_1)
FN:10,(anonymous_2)
FN:18,(anonymous_3)
FNF:3
FNH:1
FNDA:6,(anonymous_1)
FNDA:0,(anonymous_2)
FNDA:0,(anonymous_3)
DA:2,1
DA:4,6
DA:7,6
DA:10,6
DA:12,0
DA:14,0
DA:18,6
DA:20,0
DA:22,0
DA:24,0
DA:27,0
DA:28,0
DA:32,0
DA:38,6
LF:14
LH:6
BRDA:12,1,0,0
BRDA:12,1,1,0
BRDA:20,2,0,0
BRDA:20,2,1,0
BRF:4
BRH:0
end_of_record
TN:
SF:src\js\_ua.js
FN:4,(anonymous_1)
FN:19,(anonymous_2)
FNF:2
FNH:1
FNDA:2,(anonymous_1)
FNDA:0,(anonymous_2)
DA:2,1
DA:6,2
DA:9,2
DA:10,1
DA:11,1
DA:12,1
DA:13,1
DA:17,2
DA:20,0
DA:21,0
DA:22,0
LF:11
LH:8
BRDA:9,1,0,1
BRDA:9,1,1,1
BRDA:21,2,0,0
BRDA:21,2,1,0
BRF:4
BRH:2
end_of_record
TN:
SF:src\js\_urls.js
FN:7,(anonymous_1)
FN:16,(anonymous_2)
FN:22,(anonymous_3)
FN:27,(anonymous_4)
FNF:4
FNH:2
FNDA:0,(anonymous_1)
FNDA:0,(anonymous_2)
FNDA:6,(anonymous_3)
FNDA:2,(anonymous_4)
DA:2,1
DA:8,0
DA:9,0
DA:10,0
DA:11,0
DA:12,0
DA:13,0
DA:17,0
DA:23,6
DA:24,2
DA:28,2
DA:29,2
DA:31,2
LF:13
LH:6
BRDA:11,1,0,0
BRDA:11,1,1,0
BRDA:23,2,0,2
BRDA:23,2,1,4
BRDA:31,3,0,2
BRDA:31,3,1,0
BRF:6
BRH:3
end_of_record
TN:
SF:src\js\main-address.js
FN:2,(anonymous_1)
FN:25,(anonymous_2)
FN:47,(anonymous_3)
FN:55,(anonymous_4)
FN:100,(anonymous_5)
FN:110,(anonymous_6)
FN:121,(anonymous_7)
FN:128,(anonymous_8)
FN:148,(anonymous_9)
FN:178,(anonymous_10)
FN:192,(anonymous_11)
FN:205,(anonymous_12)
FN:217,(anonymous_13)
FN:224,(anonymous_14)
FN:260,(anonymous_15)
FN:270,(anonymous_16)
FN:279,(anonymous_17)
FN:283,(anonymous_18)
FN:349,(anonymous_19)
FN:361,(anonymous_20)
FN:364,(anonymous_21)
FN:378,(anonymous_22)
FN:389,(anonymous_23)
FN:435,(anonymous_24)
FN:442,(anonymous_25)
FN:457,(anonymous_26)
FN:467,(anonymous_27)
FN:479,(anonymous_28)
FN:487,(anonymous_29)
FN:498,(anonymous_30)
FN:508,(anonymous_31)
FN:526,(anonymous_32)
FN:536,(anonymous_33)
FN:549,(anonymous_34)
FN:568,(anonymous_35)
FN:581,(anonymous_36)
FN:599,(anonymous_37)
FN:606,(anonymous_38)
FN:617,(anonymous_39)
FN:622,(anonymous_40)
FN:640,(anonymous_41)
FN:646,(anonymous_42)
FNF:42
FNH:5
FNDA:6,(anonymous_1)
FNDA:6,(anonymous_2)
FNDA:0,(anonymous_3)
FNDA:0,(anonymous_4)
FNDA:4,(anonymous_5)
FNDA:4,(anonymous_6)
FNDA:4,(anonymous_7)
FNDA:0,(anonymous_8)
FNDA:0,(anonymous_9)
FNDA:0,(anonymous_10)
FNDA:0,(anonymous_11)
FNDA:0,(anonymous_12)
FNDA:0,(anonymous_13)
FNDA:0,(anonymous_14)
FNDA:0,(anonymous_15)
FNDA:0,(anonymous_16)
FNDA:0,(anonymous_17)
FNDA:0,(anonymous_18)
FNDA:0,(anonymous_19)
FNDA:0,(anonymous_20)
FNDA:0,(anonymous_21)
FNDA:0,(anonymous_22)
FNDA:0,(anonymous_23)
FNDA:0,(anonymous_24)
FNDA:0,(anonymous_25)
FNDA:0,(anonymous_26)
FNDA:0,(anonymous_27)
FNDA:0,(anonymous_28)
FNDA:0,(anonymous_29)
FNDA:0,(anonymous_30)
FNDA:0,(anonymous_31)
FNDA:0,(anonymous_32)
FNDA:0,(anonymous_33)
FNDA:0,(anonymous_34)
FNDA:0,(anonymous_35)
FNDA:0,(anonymous_36)
FNDA:0,(anonymous_37)
FNDA:0,(anonymous_38)
FNDA:0,(anonymous_39)
FNDA:0,(anonymous_40)
FNDA:0,(anonymous_41)
FNDA:0,(anonymous_42)
DA:2,1
DA:4,6
DA:7,6
DA:8,6
DA:9,6
DA:10,6
DA:11,6
DA:12,6
DA:13,6
DA:14,6
DA:15,6
DA:16,6
DA:17,6
DA:18,6
DA:19,6
DA:22,6
DA:25,6
DA:27,6
DA:28,6
DA:30,2
DA:32,2
DA:33,2
DA:36,4
DA:38,4
DA:39,0
DA:41,0
DA:43,0
DA:45,0
DA:47,0
DA:48,0
DA:51,0
DA:55,6
DA:57,0
DA:58,0
DA:59,0
DA:60,0
DA:61,0
DA:64,0
DA:65,0
DA:68,0
DA:70,0
DA:71,0
DA:75,0
DA:78,0
DA:81,0
DA:84,0
DA:87,0
DA:90,0
DA:93,0
DA:94,0
DA:96,0
DA:100,6
DA:101,4
DA:104,4
DA:105,4
DA:110,6
DA:112,4
DA:121,6
DA:124,4
DA:128,6
DA:130,0
DA:133,0
DA:136,0
DA:139,0
DA:142,6
DA:150,0
DA:153,0
DA:156,0
DA:159,0
DA:162,0
DA:165,0
DA:168,0
DA:171,0
DA:173,0
DA:175,0
DA:178,0
DA:180,0
DA:181,0
DA:184,0
DA:188,0
DA:194,0
DA:196,0
DA:198,0
DA:199,0
DA:200,0
DA:206,0
DA:210,0
DA:211,0
DA:212,0
DA:213,0
DA:214,0
DA:218,0
DA:219,0
DA:220,0
DA:225,0
DA:229,0
DA:231,0
DA:232,0
DA:233,0
DA:234,0
DA:235,0
DA:236,0
DA:237,0
DA:242,0
DA:243,0
DA:244,0
DA:245,0
DA:246,0
DA:247,0
DA:248,0
DA:249,0
DA:250,0
DA:255,0
DA:256,0
DA:261,0
DA:262,0
DA:264,0
DA:266,0
DA:267,0
DA:271,0
DA:272,0
DA:274,0
DA:275,0
DA:280,0
DA:284,0
DA:285,0
DA:288,0
DA:289,0
DA:290,0
DA:294,0
DA:298,0
DA:299,0
DA:302,0
DA:306,0
DA:307,0
DA:308,0
DA:310,0
DA:311,0
DA:312,0
DA:316,0
DA:318,0
DA:319,0
DA:320,0
DA:322,0
DA:324,0
DA:327,0
DA:335,0
DA:336,0
DA:338,0
DA:339,0
DA:341,0
DA:342,0
DA:344,0
DA:345,0
DA:350,0
DA:353,0
DA:354,0
DA:355,0
DA:358,0
DA:362,0
DA:365,0
DA:367,0
DA:368,0
DA:370,0
DA:371,0
DA:373,0
DA:374,0
DA:380,0
DA:383,0
DA:387,6
DA:391,0
DA:394,0
DA:397,0
DA:399,0
DA:401,0
DA:404,0
DA:407,0
DA:410,0
DA:411,0
DA:413,0
DA:414,0
DA:416,0
DA:417,0
DA:420,0
DA:426,0
DA:429,0
DA:432,0
DA:436,0
DA:437,0
DA:438,0
DA:443,0
DA:444,0
DA:446,0
DA:447,0
DA:448,0
DA:449,0
DA:452,0
DA:453,0
DA:459,0
DA:460,0
DA:461,0
DA:464,0
DA:465,0
DA:467,0
DA:468,0
DA:471,0
DA:472,0
DA:473,0
DA:474,0
DA:475,0
DA:476,0
DA:480,0
DA:481,0
DA:482,0
DA:483,0
DA:488,0
DA:489,0
DA:490,0
DA:491,0
DA:493,0
DA:495,0
DA:499,0
DA:500,0
DA:501,0
DA:502,0
DA:504,0
DA:506,0
DA:509,0
DA:510,0
DA:514,0
DA:517,0
DA:520,0
DA:521,0
DA:522,0
DA:527,0
DA:528,0
DA:529,0
DA:536,6
DA:537,0
DA:538,0
DA:539,0
DA:540,0
DA:541,0
DA:543,0
DA:548,6
DA:551,0
DA:552,0
DA:555,0
DA:556,0
DA:557,0
DA:560,0
DA:561,0
DA:562,0
DA:565,0
DA:570,0
DA:571,0
DA:573,0
DA:574,0
DA:575,0
DA:581,6
DA:582,0
DA:583,0
DA:586,0
DA:588,0
DA:590,0
DA:592,0
DA:595,0
DA:599,6
DA:600,0
DA:603,0
DA:604,0
DA:605,0
DA:606,0
DA:608,0
DA:610,0
DA:615,6
DA:618,0
DA:619,0
DA:620,0
DA:622,0
DA:623,0
DA:625,0
DA:626,0
DA:629,0
DA:632,0
DA:633,0
DA:635,0
DA:640,0
DA:643,0
DA:646,0
DA:649,0
DA:652,0
DA:657,6
DA:660,6
LF:294
LH:43
BRDA:4,1,0,6
BRDA:4,1,1,0
BRDA:8,2,0,6
BRDA:8,2,1,6
BRDA:15,3,0,6
BRDA:15,3,1,6
BRDA:16,4,0,6
BRDA:16,4,1,6
BRDA:17,5,0,6
BRDA:17,5,1,6
BRDA:18,6,0,6
BRDA:18,6,1,6
BRDA:19,7,0,6
BRDA:19,7,1,5
BRDA:28,8,0,2
BRDA:28,8,1,4
BRDA:38,9,0,0
BRDA:38,9,1,4
BRDA:57,10,0,0
BRDA:57,10,1,0
BRDA:58,11,0,0
BRDA:58,11,1,0
BRDA:59,12,0,0
BRDA:59,12,1,0
BRDA:59,13,0,0
BRDA:59,13,1,0
BRDA:59,13,2,0
BRDA:68,14,0,0
BRDA:68,14,1,0
BRDA:70,15,0,0
BRDA:70,15,1,0
BRDA:94,16,0,0
BRDA:94,16,1,0
BRDA:104,17,0,4
BRDA:104,17,1,0
BRDA:112,18,0,4
BRDA:112,18,1,2
BRDA:112,18,2,1
BRDA:112,18,3,1
BRDA:112,18,4,0
BRDA:159,19,0,0
BRDA:159,19,1,0
BRDA:171,20,0,0
BRDA:171,20,1,0
BRDA:173,21,0,0
BRDA:173,21,1,0
BRDA:198,22,0,0
BRDA:198,22,1,0
BRDA:218,23,0,0
BRDA:218,23,1,0
BRDA:229,24,0,0
BRDA:229,24,1,0
BRDA:232,25,0,0
BRDA:232,25,1,0
BRDA:244,26,0,0
BRDA:244,26,1,0
BRDA:284,27,0,0
BRDA:284,27,1,0
BRDA:288,28,0,0
BRDA:288,28,1,0
BRDA:298,29,0,0
BRDA:298,29,1,0
BRDA:306,30,0,0
BRDA:306,30,1,0
BRDA:310,31,0,0
BRDA:310,31,1,0
BRDA:319,32,0,0
BRDA:319,32,1,0
BRDA:335,33,0,0
BRDA:335,33,1,0
BRDA:338,34,0,0
BRDA:338,34,1,0
BRDA:341,35,0,0
BRDA:341,35,1,0
BRDA:344,36,0,0
BRDA:344,36,1,0
BRDA:350,37,0,0
BRDA:350,37,1,0
BRDA:367,38,0,0
BRDA:367,38,1,0
BRDA:370,39,0,0
BRDA:370,39,1,0
BRDA:373,40,0,0
BRDA:373,40,1,0
BRDA:399,41,0,0
BRDA:399,41,1,0
BRDA:404,42,0,0
BRDA:404,42,1,0
BRDA:414,43,0,0
BRDA:414,43,1,0
BRDA:436,44,0,0
BRDA:436,44,1,0
BRDA:446,45,0,0
BRDA:446,45,1,0
BRDA:509,46,0,0
BRDA:509,46,1,0
BRDA:527,47,0,0
BRDA:527,47,1,0
BRDA:537,48,0,0
BRDA:537,48,1,0
BRDA:540,49,0,0
BRDA:540,49,1,0
BRDA:551,50,0,0
BRDA:551,50,1,0
BRDA:570,51,0,0
BRDA:570,51,1,0
BRDA:574,52,0,0
BRDA:574,52,1,0
BRDA:582,53,0,0
BRDA:582,53,1,0
BRDA:623,54,0,0
BRDA:623,54,1,0
BRDA:623,55,0,0
BRDA:623,55,1,0
BRDA:632,56,0,0
BRDA:632,56,1,0
BRF:116
BRH:21
end_of_record
